2025-08-15T17:53:20.085-06:00  INFO 126012 --- [pruebaTecnica] [restartedMain] m.n.p.PruebaTecnicaApplication           : Starting PruebaTecnicaApplication using Java 21.0.8 with PID 126012 (/home/luisgmm/Documentos/Proyectos/PruebaTecnicaGrupoNach/bin/main started by luisgmm in /home/luisgmm/Documentos/Proyectos/PruebaTecnicaGrupoNach)
2025-08-15T17:53:20.085-06:00 DEBUG 126012 --- [pruebaTecnica] [restartedMain] m.n.p.PruebaTecnicaApplication           : Running with Spring Boot v3.5.4, Spring v6.2.9
2025-08-15T17:53:20.085-06:00  INFO 126012 --- [pruebaTecnica] [restartedMain] m.n.p.PruebaTecnicaApplication           : The following 1 profile is active: "dev"
2025-08-15T17:53:20.280-06:00  INFO 126012 --- [pruebaTecnica] [restartedMain] .s.d.r.c.RepositoryConfigurationDelegate : Multiple Spring Data modules found, entering strict repository configuration mode
2025-08-15T17:53:20.280-06:00  INFO 126012 --- [pruebaTecnica] [restartedMain] .s.d.r.c.RepositoryConfigurationDelegate : Bootstrapping Spring Data JDBC repositories in DEFAULT mode.
2025-08-15T17:53:20.285-06:00  INFO 126012 --- [pruebaTecnica] [restartedMain] .RepositoryConfigurationExtensionSupport : Spring Data JDBC - Could not safely identify store assignment for repository candidate interface mx.nach.pruebaTecnica.repositories.CrudEstadosPrestamosRepository; If you want this repository to be a JDBC repository, consider annotating your entities with one of these annotations: org.springframework.data.relational.core.mapping.Table.
2025-08-15T17:53:20.286-06:00  INFO 126012 --- [pruebaTecnica] [restartedMain] .RepositoryConfigurationExtensionSupport : Spring Data JDBC - Could not safely identify store assignment for repository candidate interface mx.nach.pruebaTecnica.repositories.CrudPrestamosRepository; If you want this repository to be a JDBC repository, consider annotating your entities with one of these annotations: org.springframework.data.relational.core.mapping.Table.
2025-08-15T17:53:20.287-06:00  INFO 126012 --- [pruebaTecnica] [restartedMain] .RepositoryConfigurationExtensionSupport : Spring Data JDBC - Could not safely identify store assignment for repository candidate interface mx.nach.pruebaTecnica.repositories.CrudRepository; If you want this repository to be a JDBC repository, consider annotating your entities with one of these annotations: org.springframework.data.relational.core.mapping.Table.
2025-08-15T17:53:20.288-06:00  INFO 126012 --- [pruebaTecnica] [restartedMain] .s.d.r.c.RepositoryConfigurationDelegate : Finished Spring Data repository scanning in 6 ms. Found 0 JDBC repository interfaces.
2025-08-15T17:53:20.292-06:00  INFO 126012 --- [pruebaTecnica] [restartedMain] .s.d.r.c.RepositoryConfigurationDelegate : Multiple Spring Data modules found, entering strict repository configuration mode
2025-08-15T17:53:20.292-06:00  INFO 126012 --- [pruebaTecnica] [restartedMain] .s.d.r.c.RepositoryConfigurationDelegate : Bootstrapping Spring Data JPA repositories in DEFAULT mode.
2025-08-15T17:53:20.302-06:00  INFO 126012 --- [pruebaTecnica] [restartedMain] .s.d.r.c.RepositoryConfigurationDelegate : Finished Spring Data repository scanning in 8 ms. Found 3 JPA repository interfaces.
2025-08-15T17:53:20.423-06:00  INFO 126012 --- [pruebaTecnica] [restartedMain] o.s.b.w.embedded.tomcat.TomcatWebServer  : Tomcat initialized with port 8080 (http)
2025-08-15T17:53:20.424-06:00  INFO 126012 --- [pruebaTecnica] [restartedMain] o.apache.catalina.core.StandardService   : Starting service [Tomcat]
2025-08-15T17:53:20.425-06:00  INFO 126012 --- [pruebaTecnica] [restartedMain] o.apache.catalina.core.StandardEngine    : Starting Servlet engine: [Apache Tomcat/10.1.43]
2025-08-15T17:53:20.434-06:00  INFO 126012 --- [pruebaTecnica] [restartedMain] o.a.c.c.C.[Tomcat].[localhost].[/]       : Initializing Spring embedded WebApplicationContext
2025-08-15T17:53:20.434-06:00  INFO 126012 --- [pruebaTecnica] [restartedMain] w.s.c.ServletWebServerApplicationContext : Root WebApplicationContext: initialization completed in 347 ms
2025-08-15T17:53:20.479-06:00  INFO 126012 --- [pruebaTecnica] [restartedMain] o.hibernate.jpa.internal.util.LogHelper  : HHH000204: Processing PersistenceUnitInfo [name: default]
2025-08-15T17:53:20.481-06:00  INFO 126012 --- [pruebaTecnica] [restartedMain] o.h.c.internal.RegionFactoryInitiator    : HHH000026: Second-level cache disabled
2025-08-15T17:53:20.491-06:00  INFO 126012 --- [pruebaTecnica] [restartedMain] o.s.o.j.p.SpringPersistenceUnitInfo      : No LoadTimeWeaver setup: ignoring JPA class transformer
2025-08-15T17:53:20.492-06:00  INFO 126012 --- [pruebaTecnica] [restartedMain] com.zaxxer.hikari.HikariDataSource       : HikariPool-2 - Starting...
2025-08-15T17:53:20.510-06:00  INFO 126012 --- [pruebaTecnica] [restartedMain] com.zaxxer.hikari.pool.HikariPool        : HikariPool-2 - Added connection org.postgresql.jdbc.PgConnection@20c624e7
2025-08-15T17:53:20.510-06:00  INFO 126012 --- [pruebaTecnica] [restartedMain] com.zaxxer.hikari.HikariDataSource       : HikariPool-2 - Start completed.
2025-08-15T17:53:20.513-06:00  WARN 126012 --- [pruebaTecnica] [restartedMain] org.hibernate.orm.deprecation            : HHH90000025: PostgreSQLDialect does not need to be specified explicitly using 'hibernate.dialect' (remove the property setting and it will be selected by default)
2025-08-15T17:53:20.517-06:00  INFO 126012 --- [pruebaTecnica] [restartedMain] org.hibernate.orm.connections.pooling    : HHH10001005: Database info:
	Database JDBC URL [Connecting through datasource 'HikariDataSource (HikariPool-2)']
	Database driver: undefined/unknown
	Database version: 17.5
	Autocommit mode: undefined/unknown
	Isolation level: undefined/unknown
	Minimum pool size: undefined/unknown
	Maximum pool size: undefined/unknown
2025-08-15T17:53:20.617-06:00  INFO 126012 --- [pruebaTecnica] [restartedMain] o.h.e.t.j.p.i.JtaPlatformInitiator       : HHH000489: No JTA platform available (set 'hibernate.transaction.jta.platform' to enable JTA platform integration)
2025-08-15T17:53:20.814-06:00  INFO 126012 --- [pruebaTecnica] [restartedMain] j.LocalContainerEntityManagerFactoryBean : Initialized JPA EntityManagerFactory for persistence unit 'default'
2025-08-15T17:53:20.911-06:00  WARN 126012 --- [pruebaTecnica] [restartedMain] JpaBaseConfiguration$JpaWebConfiguration : spring.jpa.open-in-view is enabled by default. Therefore, database queries may be performed during view rendering. Explicitly configure spring.jpa.open-in-view to disable this warning
2025-08-15T17:53:21.015-06:00  INFO 126012 --- [pruebaTecnica] [restartedMain] o.s.b.d.a.OptionalLiveReloadServer       : LiveReload server is running on port 35729
2025-08-15T17:53:21.026-06:00  INFO 126012 --- [pruebaTecnica] [restartedMain] o.s.b.w.embedded.tomcat.TomcatWebServer  : Tomcat started on port 8080 (http) with context path '/'
2025-08-15T17:53:21.030-06:00  INFO 126012 --- [pruebaTecnica] [restartedMain] m.n.p.PruebaTecnicaApplication           : Started PruebaTecnicaApplication in 0.993 seconds (process running for 112.538)
2025-08-15T17:53:21.033-06:00  INFO 126012 --- [pruebaTecnica] [restartedMain] .ConditionEvaluationDeltaLoggingListener : Condition evaluation unchanged
2025-08-15T17:53:24.097-06:00  INFO 126012 --- [pruebaTecnica] [SpringApplicationShutdownHook] o.s.b.w.e.tomcat.GracefulShutdown        : Commencing graceful shutdown. Waiting for active requests to complete
2025-08-15T17:53:24.099-06:00  INFO 126012 --- [pruebaTecnica] [tomcat-shutdown] o.s.b.w.e.tomcat.GracefulShutdown        : Graceful shutdown complete
2025-08-15T17:53:24.101-06:00  INFO 126012 --- [pruebaTecnica] [SpringApplicationShutdownHook] j.LocalContainerEntityManagerFactoryBean : Closing JPA EntityManagerFactory for persistence unit 'default'
2025-08-15T17:53:24.102-06:00  INFO 126012 --- [pruebaTecnica] [SpringApplicationShutdownHook] com.zaxxer.hikari.HikariDataSource       : HikariPool-2 - Shutdown initiated...
2025-08-15T17:53:24.110-06:00  INFO 126012 --- [pruebaTecnica] [SpringApplicationShutdownHook] com.zaxxer.hikari.HikariDataSource       : HikariPool-2 - Shutdown completed.
2025-08-15T17:53:25.448-06:00  INFO 126772 --- [pruebaTecnica] [restartedMain] m.n.p.PruebaTecnicaApplication           : Starting PruebaTecnicaApplication using Java 21.0.8 with PID 126772 (/home/luisgmm/Documentos/Proyectos/PruebaTecnicaGrupoNach/bin/main started by luisgmm in /home/luisgmm/Documentos/Proyectos/PruebaTecnicaGrupoNach)
2025-08-15T17:53:25.450-06:00 DEBUG 126772 --- [pruebaTecnica] [restartedMain] m.n.p.PruebaTecnicaApplication           : Running with Spring Boot v3.5.4, Spring v6.2.9
2025-08-15T17:53:25.452-06:00  INFO 126772 --- [pruebaTecnica] [restartedMain] m.n.p.PruebaTecnicaApplication           : The following 1 profile is active: "dev"
2025-08-15T17:53:25.519-06:00  INFO 126772 --- [pruebaTecnica] [restartedMain] .e.DevToolsPropertyDefaultsPostProcessor : Devtools property defaults active! Set 'spring.devtools.add-properties' to 'false' to disable
2025-08-15T17:53:25.520-06:00  INFO 126772 --- [pruebaTecnica] [restartedMain] .e.DevToolsPropertyDefaultsPostProcessor : For additional web related logging consider setting the 'logging.level.web' property to 'DEBUG'
2025-08-15T17:53:26.330-06:00  INFO 126772 --- [pruebaTecnica] [restartedMain] .s.d.r.c.RepositoryConfigurationDelegate : Multiple Spring Data modules found, entering strict repository configuration mode
2025-08-15T17:53:26.332-06:00  INFO 126772 --- [pruebaTecnica] [restartedMain] .s.d.r.c.RepositoryConfigurationDelegate : Bootstrapping Spring Data JDBC repositories in DEFAULT mode.
2025-08-15T17:53:26.374-06:00  INFO 126772 --- [pruebaTecnica] [restartedMain] .RepositoryConfigurationExtensionSupport : Spring Data JDBC - Could not safely identify store assignment for repository candidate interface mx.nach.pruebaTecnica.repositories.CrudEstadosPrestamosRepository; If you want this repository to be a JDBC repository, consider annotating your entities with one of these annotations: org.springframework.data.relational.core.mapping.Table.
2025-08-15T17:53:26.377-06:00  INFO 126772 --- [pruebaTecnica] [restartedMain] .RepositoryConfigurationExtensionSupport : Spring Data JDBC - Could not safely identify store assignment for repository candidate interface mx.nach.pruebaTecnica.repositories.CrudPrestamosRepository; If you want this repository to be a JDBC repository, consider annotating your entities with one of these annotations: org.springframework.data.relational.core.mapping.Table.
2025-08-15T17:53:26.379-06:00  INFO 126772 --- [pruebaTecnica] [restartedMain] .RepositoryConfigurationExtensionSupport : Spring Data JDBC - Could not safely identify store assignment for repository candidate interface mx.nach.pruebaTecnica.repositories.CrudRepository; If you want this repository to be a JDBC repository, consider annotating your entities with one of these annotations: org.springframework.data.relational.core.mapping.Table.
2025-08-15T17:53:26.380-06:00  INFO 126772 --- [pruebaTecnica] [restartedMain] .s.d.r.c.RepositoryConfigurationDelegate : Finished Spring Data repository scanning in 41 ms. Found 0 JDBC repository interfaces.
2025-08-15T17:53:26.399-06:00  INFO 126772 --- [pruebaTecnica] [restartedMain] .s.d.r.c.RepositoryConfigurationDelegate : Multiple Spring Data modules found, entering strict repository configuration mode
2025-08-15T17:53:26.401-06:00  INFO 126772 --- [pruebaTecnica] [restartedMain] .s.d.r.c.RepositoryConfigurationDelegate : Bootstrapping Spring Data JPA repositories in DEFAULT mode.
2025-08-15T17:53:26.444-06:00  INFO 126772 --- [pruebaTecnica] [restartedMain] .s.d.r.c.RepositoryConfigurationDelegate : Finished Spring Data repository scanning in 37 ms. Found 3 JPA repository interfaces.
2025-08-15T17:53:27.038-06:00  INFO 126772 --- [pruebaTecnica] [restartedMain] o.s.b.w.embedded.tomcat.TomcatWebServer  : Tomcat initialized with port 8080 (http)
2025-08-15T17:53:27.054-06:00  INFO 126772 --- [pruebaTecnica] [restartedMain] o.apache.catalina.core.StandardService   : Starting service [Tomcat]
2025-08-15T17:53:27.055-06:00  INFO 126772 --- [pruebaTecnica] [restartedMain] o.apache.catalina.core.StandardEngine    : Starting Servlet engine: [Apache Tomcat/10.1.43]
2025-08-15T17:53:27.107-06:00  INFO 126772 --- [pruebaTecnica] [restartedMain] o.a.c.c.C.[Tomcat].[localhost].[/]       : Initializing Spring embedded WebApplicationContext
2025-08-15T17:53:27.107-06:00  INFO 126772 --- [pruebaTecnica] [restartedMain] w.s.c.ServletWebServerApplicationContext : Root WebApplicationContext: initialization completed in 1587 ms
2025-08-15T17:53:27.309-06:00  INFO 126772 --- [pruebaTecnica] [restartedMain] o.hibernate.jpa.internal.util.LogHelper  : HHH000204: Processing PersistenceUnitInfo [name: default]
2025-08-15T17:53:27.367-06:00  INFO 126772 --- [pruebaTecnica] [restartedMain] org.hibernate.Version                    : HHH000412: Hibernate ORM core version 6.6.22.Final
2025-08-15T17:53:27.404-06:00  INFO 126772 --- [pruebaTecnica] [restartedMain] o.h.c.internal.RegionFactoryInitiator    : HHH000026: Second-level cache disabled
2025-08-15T17:53:27.691-06:00  INFO 126772 --- [pruebaTecnica] [restartedMain] o.s.o.j.p.SpringPersistenceUnitInfo      : No LoadTimeWeaver setup: ignoring JPA class transformer
2025-08-15T17:53:27.717-06:00  INFO 126772 --- [pruebaTecnica] [restartedMain] com.zaxxer.hikari.HikariDataSource       : HikariPool-1 - Starting...
2025-08-15T17:53:27.875-06:00  INFO 126772 --- [pruebaTecnica] [restartedMain] com.zaxxer.hikari.pool.HikariPool        : HikariPool-1 - Added connection org.postgresql.jdbc.PgConnection@7a15a78d
2025-08-15T17:53:27.877-06:00  INFO 126772 --- [pruebaTecnica] [restartedMain] com.zaxxer.hikari.HikariDataSource       : HikariPool-1 - Start completed.
2025-08-15T17:53:27.907-06:00  WARN 126772 --- [pruebaTecnica] [restartedMain] org.hibernate.orm.deprecation            : HHH90000025: PostgreSQLDialect does not need to be specified explicitly using 'hibernate.dialect' (remove the property setting and it will be selected by default)
2025-08-15T17:53:27.931-06:00  INFO 126772 --- [pruebaTecnica] [restartedMain] org.hibernate.orm.connections.pooling    : HHH10001005: Database info:
	Database JDBC URL [Connecting through datasource 'HikariDataSource (HikariPool-1)']
	Database driver: undefined/unknown
	Database version: 17.5
	Autocommit mode: undefined/unknown
	Isolation level: undefined/unknown
	Minimum pool size: undefined/unknown
	Maximum pool size: undefined/unknown
2025-08-15T17:53:28.769-06:00  INFO 126772 --- [pruebaTecnica] [restartedMain] o.h.e.t.j.p.i.JtaPlatformInitiator       : HHH000489: No JTA platform available (set 'hibernate.transaction.jta.platform' to enable JTA platform integration)
2025-08-15T17:53:28.997-06:00  INFO 126772 --- [pruebaTecnica] [restartedMain] j.LocalContainerEntityManagerFactoryBean : Initialized JPA EntityManagerFactory for persistence unit 'default'
2025-08-15T17:53:29.338-06:00  WARN 126772 --- [pruebaTecnica] [restartedMain] JpaBaseConfiguration$JpaWebConfiguration : spring.jpa.open-in-view is enabled by default. Therefore, database queries may be performed during view rendering. Explicitly configure spring.jpa.open-in-view to disable this warning
2025-08-15T17:53:29.729-06:00  INFO 126772 --- [pruebaTecnica] [restartedMain] o.s.b.d.a.OptionalLiveReloadServer       : LiveReload server is running on port 35729
2025-08-15T17:53:29.759-06:00  INFO 126772 --- [pruebaTecnica] [restartedMain] o.s.b.w.embedded.tomcat.TomcatWebServer  : Tomcat started on port 8080 (http) with context path '/'
2025-08-15T17:53:29.768-06:00  INFO 126772 --- [pruebaTecnica] [restartedMain] m.n.p.PruebaTecnicaApplication           : Started PruebaTecnicaApplication in 4.807 seconds (process running for 5.176)
2025-08-15T17:53:34.222-06:00  INFO 126772 --- [pruebaTecnica] [http-nio-8080-exec-2] o.a.c.c.C.[Tomcat].[localhost].[/]       : Initializing Spring DispatcherServlet 'dispatcherServlet'
2025-08-15T17:53:34.222-06:00  INFO 126772 --- [pruebaTecnica] [http-nio-8080-exec-2] o.s.web.servlet.DispatcherServlet        : Initializing Servlet 'dispatcherServlet'
2025-08-15T17:53:34.223-06:00  INFO 126772 --- [pruebaTecnica] [http-nio-8080-exec-2] o.s.web.servlet.DispatcherServlet        : Completed initialization in 1 ms
2025-08-15T17:53:34.387-06:00 ERROR 126772 --- [pruebaTecnica] [http-nio-8080-exec-2] m.n.pruebaTecnica.errors.ErrorControl    : Error: Validation failed for argument [0] in public org.springframework.http.ResponseEntity<java.lang.Void> mx.nach.pruebaTecnica.controllers.CrudController.createClient(mx.nach.pruebaTecnica.dto.Request): [Field error in object 'request' on field 'email': rejected value [null]; codes [NotBlank.request.email,NotBlank.email,NotBlank.java.lang.String,NotBlank]; arguments [org.springframework.context.support.DefaultMessageSourceResolvable: codes [request.email,email]; arguments []; default message [email]]; default message [no debe estar vacío]] 

org.springframework.web.bind.MethodArgumentNotValidException: Validation failed for argument [0] in public org.springframework.http.ResponseEntity<java.lang.Void> mx.nach.pruebaTecnica.controllers.CrudController.createClient(mx.nach.pruebaTecnica.dto.Request): [Field error in object 'request' on field 'email': rejected value [null]; codes [NotBlank.request.email,NotBlank.email,NotBlank.java.lang.String,NotBlank]; arguments [org.springframework.context.support.DefaultMessageSourceResolvable: codes [request.email,email]; arguments []; default message [email]]; default message [no debe estar vacío]] 
	at org.springframework.web.servlet.mvc.method.annotation.RequestResponseBodyMethodProcessor.resolveArgument(RequestResponseBodyMethodProcessor.java:159) ~[spring-webmvc-6.2.9.jar:6.2.9]
	at org.springframework.web.method.support.HandlerMethodArgumentResolverComposite.resolveArgument(HandlerMethodArgumentResolverComposite.java:122) ~[spring-web-6.2.9.jar:6.2.9]
	at org.springframework.web.method.support.InvocableHandlerMethod.getMethodArgumentValues(InvocableHandlerMethod.java:227) ~[spring-web-6.2.9.jar:6.2.9]
	at org.springframework.web.method.support.InvocableHandlerMethod.invokeForRequest(InvocableHandlerMethod.java:181) ~[spring-web-6.2.9.jar:6.2.9]
	at org.springframework.web.servlet.mvc.method.annotation.ServletInvocableHandlerMethod.invokeAndHandle(ServletInvocableHandlerMethod.java:118) ~[spring-webmvc-6.2.9.jar:6.2.9]
	at org.springframework.web.servlet.mvc.method.annotation.RequestMappingHandlerAdapter.invokeHandlerMethod(RequestMappingHandlerAdapter.java:991) ~[spring-webmvc-6.2.9.jar:6.2.9]
	at org.springframework.web.servlet.mvc.method.annotation.RequestMappingHandlerAdapter.handleInternal(RequestMappingHandlerAdapter.java:896) ~[spring-webmvc-6.2.9.jar:6.2.9]
	at org.springframework.web.servlet.mvc.method.AbstractHandlerMethodAdapter.handle(AbstractHandlerMethodAdapter.java:87) ~[spring-webmvc-6.2.9.jar:6.2.9]
	at org.springframework.web.servlet.DispatcherServlet.doDispatch(DispatcherServlet.java:1089) ~[spring-webmvc-6.2.9.jar:6.2.9]
	at org.springframework.web.servlet.DispatcherServlet.doService(DispatcherServlet.java:979) ~[spring-webmvc-6.2.9.jar:6.2.9]
	at org.springframework.web.servlet.FrameworkServlet.processRequest(FrameworkServlet.java:1014) ~[spring-webmvc-6.2.9.jar:6.2.9]
	at org.springframework.web.servlet.FrameworkServlet.doPost(FrameworkServlet.java:914) ~[spring-webmvc-6.2.9.jar:6.2.9]
	at jakarta.servlet.http.HttpServlet.service(HttpServlet.java:590) ~[tomcat-embed-core-10.1.43.jar:6.0]
	at org.springframework.web.servlet.FrameworkServlet.service(FrameworkServlet.java:885) ~[spring-webmvc-6.2.9.jar:6.2.9]
	at jakarta.servlet.http.HttpServlet.service(HttpServlet.java:658) ~[tomcat-embed-core-10.1.43.jar:6.0]
	at org.apache.catalina.core.ApplicationFilterChain.internalDoFilter(ApplicationFilterChain.java:195) ~[tomcat-embed-core-10.1.43.jar:10.1.43]
	at org.apache.catalina.core.ApplicationFilterChain.doFilter(ApplicationFilterChain.java:140) ~[tomcat-embed-core-10.1.43.jar:10.1.43]
	at org.apache.tomcat.websocket.server.WsFilter.doFilter(WsFilter.java:51) ~[tomcat-embed-websocket-10.1.43.jar:10.1.43]
	at org.apache.catalina.core.ApplicationFilterChain.internalDoFilter(ApplicationFilterChain.java:164) ~[tomcat-embed-core-10.1.43.jar:10.1.43]
	at org.apache.catalina.core.ApplicationFilterChain.doFilter(ApplicationFilterChain.java:140) ~[tomcat-embed-core-10.1.43.jar:10.1.43]
	at org.springframework.web.filter.RequestContextFilter.doFilterInternal(RequestContextFilter.java:100) ~[spring-web-6.2.9.jar:6.2.9]
	at org.springframework.web.filter.OncePerRequestFilter.doFilter(OncePerRequestFilter.java:116) ~[spring-web-6.2.9.jar:6.2.9]
	at org.apache.catalina.core.ApplicationFilterChain.internalDoFilter(ApplicationFilterChain.java:164) ~[tomcat-embed-core-10.1.43.jar:10.1.43]
	at org.apache.catalina.core.ApplicationFilterChain.doFilter(ApplicationFilterChain.java:140) ~[tomcat-embed-core-10.1.43.jar:10.1.43]
	at org.springframework.web.filter.FormContentFilter.doFilterInternal(FormContentFilter.java:93) ~[spring-web-6.2.9.jar:6.2.9]
	at org.springframework.web.filter.OncePerRequestFilter.doFilter(OncePerRequestFilter.java:116) ~[spring-web-6.2.9.jar:6.2.9]
	at org.apache.catalina.core.ApplicationFilterChain.internalDoFilter(ApplicationFilterChain.java:164) ~[tomcat-embed-core-10.1.43.jar:10.1.43]
	at org.apache.catalina.core.ApplicationFilterChain.doFilter(ApplicationFilterChain.java:140) ~[tomcat-embed-core-10.1.43.jar:10.1.43]
	at org.springframework.web.filter.CharacterEncodingFilter.doFilterInternal(CharacterEncodingFilter.java:201) ~[spring-web-6.2.9.jar:6.2.9]
	at org.springframework.web.filter.OncePerRequestFilter.doFilter(OncePerRequestFilter.java:116) ~[spring-web-6.2.9.jar:6.2.9]
	at org.apache.catalina.core.ApplicationFilterChain.internalDoFilter(ApplicationFilterChain.java:164) ~[tomcat-embed-core-10.1.43.jar:10.1.43]
	at org.apache.catalina.core.ApplicationFilterChain.doFilter(ApplicationFilterChain.java:140) ~[tomcat-embed-core-10.1.43.jar:10.1.43]
	at org.apache.catalina.core.StandardWrapperValve.invoke(StandardWrapperValve.java:167) ~[tomcat-embed-core-10.1.43.jar:10.1.43]
	at org.apache.catalina.core.StandardContextValve.invoke(StandardContextValve.java:90) ~[tomcat-embed-core-10.1.43.jar:10.1.43]
	at org.apache.catalina.authenticator.AuthenticatorBase.invoke(AuthenticatorBase.java:483) ~[tomcat-embed-core-10.1.43.jar:10.1.43]
	at org.apache.catalina.core.StandardHostValve.invoke(StandardHostValve.java:116) ~[tomcat-embed-core-10.1.43.jar:10.1.43]
	at org.apache.catalina.valves.ErrorReportValve.invoke(ErrorReportValve.java:93) ~[tomcat-embed-core-10.1.43.jar:10.1.43]
	at org.apache.catalina.core.StandardEngineValve.invoke(StandardEngineValve.java:74) ~[tomcat-embed-core-10.1.43.jar:10.1.43]
	at org.apache.catalina.connector.CoyoteAdapter.service(CoyoteAdapter.java:344) ~[tomcat-embed-core-10.1.43.jar:10.1.43]
	at org.apache.coyote.http11.Http11Processor.service(Http11Processor.java:398) ~[tomcat-embed-core-10.1.43.jar:10.1.43]
	at org.apache.coyote.AbstractProcessorLight.process(AbstractProcessorLight.java:63) ~[tomcat-embed-core-10.1.43.jar:10.1.43]
	at org.apache.coyote.AbstractProtocol$ConnectionHandler.process(AbstractProtocol.java:903) ~[tomcat-embed-core-10.1.43.jar:10.1.43]
	at org.apache.tomcat.util.net.NioEndpoint$SocketProcessor.doRun(NioEndpoint.java:1769) ~[tomcat-embed-core-10.1.43.jar:10.1.43]
	at org.apache.tomcat.util.net.SocketProcessorBase.run(SocketProcessorBase.java:52) ~[tomcat-embed-core-10.1.43.jar:10.1.43]
	at org.apache.tomcat.util.threads.ThreadPoolExecutor.runWorker(ThreadPoolExecutor.java:1189) ~[tomcat-embed-core-10.1.43.jar:10.1.43]
	at org.apache.tomcat.util.threads.ThreadPoolExecutor$Worker.run(ThreadPoolExecutor.java:658) ~[tomcat-embed-core-10.1.43.jar:10.1.43]
	at org.apache.tomcat.util.threads.TaskThread$WrappingRunnable.run(TaskThread.java:63) ~[tomcat-embed-core-10.1.43.jar:10.1.43]
	at java.base/java.lang.Thread.run(Thread.java:1583) ~[na:na]

2025-08-15T17:53:34.425-06:00  WARN 126772 --- [pruebaTecnica] [http-nio-8080-exec-2] .m.m.a.ExceptionHandlerExceptionResolver : Resolved [org.springframework.web.bind.MethodArgumentNotValidException: Validation failed for argument [0] in public org.springframework.http.ResponseEntity<java.lang.Void> mx.nach.pruebaTecnica.controllers.CrudController.createClient(mx.nach.pruebaTecnica.dto.Request): [Field error in object 'request' on field 'email': rejected value [null]; codes [NotBlank.request.email,NotBlank.email,NotBlank.java.lang.String,NotBlank]; arguments [org.springframework.context.support.DefaultMessageSourceResolvable: codes [request.email,email]; arguments []; default message [email]]; default message [no debe estar vacío]] ]
2025-08-15T17:54:51.997-06:00  INFO 126772 --- [pruebaTecnica] [SpringApplicationShutdownHook] o.s.b.w.e.tomcat.GracefulShutdown        : Commencing graceful shutdown. Waiting for active requests to complete
2025-08-15T17:54:52.000-06:00  INFO 126772 --- [pruebaTecnica] [tomcat-shutdown] o.s.b.w.e.tomcat.GracefulShutdown        : Graceful shutdown complete
2025-08-15T17:54:52.003-06:00  INFO 126772 --- [pruebaTecnica] [SpringApplicationShutdownHook] j.LocalContainerEntityManagerFactoryBean : Closing JPA EntityManagerFactory for persistence unit 'default'
2025-08-15T17:54:52.007-06:00  INFO 126772 --- [pruebaTecnica] [SpringApplicationShutdownHook] com.zaxxer.hikari.HikariDataSource       : HikariPool-1 - Shutdown initiated...
2025-08-15T17:54:52.010-06:00  INFO 126772 --- [pruebaTecnica] [SpringApplicationShutdownHook] com.zaxxer.hikari.HikariDataSource       : HikariPool-1 - Shutdown completed.
2025-08-15T17:58:33.844-06:00  INFO 129203 --- [pruebaTecnica] [restartedMain] m.n.p.PruebaTecnicaApplication           : Starting PruebaTecnicaApplication using Java 21.0.8 with PID 129203 (/home/luisgmm/Documentos/Proyectos/PruebaTecnicaGrupoNach/bin/main started by luisgmm in /home/luisgmm/Documentos/Proyectos/PruebaTecnicaGrupoNach)
2025-08-15T17:58:33.846-06:00 DEBUG 129203 --- [pruebaTecnica] [restartedMain] m.n.p.PruebaTecnicaApplication           : Running with Spring Boot v3.5.4, Spring v6.2.9
2025-08-15T17:58:33.848-06:00  INFO 129203 --- [pruebaTecnica] [restartedMain] m.n.p.PruebaTecnicaApplication           : The following 1 profile is active: "dev"
2025-08-15T17:58:33.923-06:00  INFO 129203 --- [pruebaTecnica] [restartedMain] .e.DevToolsPropertyDefaultsPostProcessor : Devtools property defaults active! Set 'spring.devtools.add-properties' to 'false' to disable
2025-08-15T17:58:33.923-06:00  INFO 129203 --- [pruebaTecnica] [restartedMain] .e.DevToolsPropertyDefaultsPostProcessor : For additional web related logging consider setting the 'logging.level.web' property to 'DEBUG'
2025-08-15T17:58:34.915-06:00  INFO 129203 --- [pruebaTecnica] [restartedMain] .s.d.r.c.RepositoryConfigurationDelegate : Multiple Spring Data modules found, entering strict repository configuration mode
2025-08-15T17:58:34.917-06:00  INFO 129203 --- [pruebaTecnica] [restartedMain] .s.d.r.c.RepositoryConfigurationDelegate : Bootstrapping Spring Data JDBC repositories in DEFAULT mode.
2025-08-15T17:58:34.966-06:00  INFO 129203 --- [pruebaTecnica] [restartedMain] .RepositoryConfigurationExtensionSupport : Spring Data JDBC - Could not safely identify store assignment for repository candidate interface mx.nach.pruebaTecnica.repositories.CrudEstadosPrestamosRepository; If you want this repository to be a JDBC repository, consider annotating your entities with one of these annotations: org.springframework.data.relational.core.mapping.Table.
2025-08-15T17:58:34.968-06:00  INFO 129203 --- [pruebaTecnica] [restartedMain] .RepositoryConfigurationExtensionSupport : Spring Data JDBC - Could not safely identify store assignment for repository candidate interface mx.nach.pruebaTecnica.repositories.CrudPrestamosRepository; If you want this repository to be a JDBC repository, consider annotating your entities with one of these annotations: org.springframework.data.relational.core.mapping.Table.
2025-08-15T17:58:34.971-06:00  INFO 129203 --- [pruebaTecnica] [restartedMain] .RepositoryConfigurationExtensionSupport : Spring Data JDBC - Could not safely identify store assignment for repository candidate interface mx.nach.pruebaTecnica.repositories.CrudRepository; If you want this repository to be a JDBC repository, consider annotating your entities with one of these annotations: org.springframework.data.relational.core.mapping.Table.
2025-08-15T17:58:34.973-06:00  INFO 129203 --- [pruebaTecnica] [restartedMain] .s.d.r.c.RepositoryConfigurationDelegate : Finished Spring Data repository scanning in 48 ms. Found 0 JDBC repository interfaces.
2025-08-15T17:58:34.989-06:00  INFO 129203 --- [pruebaTecnica] [restartedMain] .s.d.r.c.RepositoryConfigurationDelegate : Multiple Spring Data modules found, entering strict repository configuration mode
2025-08-15T17:58:34.990-06:00  INFO 129203 --- [pruebaTecnica] [restartedMain] .s.d.r.c.RepositoryConfigurationDelegate : Bootstrapping Spring Data JPA repositories in DEFAULT mode.
2025-08-15T17:58:35.031-06:00  INFO 129203 --- [pruebaTecnica] [restartedMain] .s.d.r.c.RepositoryConfigurationDelegate : Finished Spring Data repository scanning in 34 ms. Found 3 JPA repository interfaces.
2025-08-15T17:58:35.735-06:00  INFO 129203 --- [pruebaTecnica] [restartedMain] o.s.b.w.embedded.tomcat.TomcatWebServer  : Tomcat initialized with port 8080 (http)
2025-08-15T17:58:35.757-06:00  INFO 129203 --- [pruebaTecnica] [restartedMain] o.apache.catalina.core.StandardService   : Starting service [Tomcat]
2025-08-15T17:58:35.758-06:00  INFO 129203 --- [pruebaTecnica] [restartedMain] o.apache.catalina.core.StandardEngine    : Starting Servlet engine: [Apache Tomcat/10.1.43]
2025-08-15T17:58:35.839-06:00  INFO 129203 --- [pruebaTecnica] [restartedMain] o.a.c.c.C.[Tomcat].[localhost].[/]       : Initializing Spring embedded WebApplicationContext
2025-08-15T17:58:35.840-06:00  INFO 129203 --- [pruebaTecnica] [restartedMain] w.s.c.ServletWebServerApplicationContext : Root WebApplicationContext: initialization completed in 1915 ms
2025-08-15T17:58:36.036-06:00  INFO 129203 --- [pruebaTecnica] [restartedMain] o.hibernate.jpa.internal.util.LogHelper  : HHH000204: Processing PersistenceUnitInfo [name: default]
2025-08-15T17:58:36.090-06:00  INFO 129203 --- [pruebaTecnica] [restartedMain] org.hibernate.Version                    : HHH000412: Hibernate ORM core version 6.6.22.Final
2025-08-15T17:58:36.127-06:00  INFO 129203 --- [pruebaTecnica] [restartedMain] o.h.c.internal.RegionFactoryInitiator    : HHH000026: Second-level cache disabled
2025-08-15T17:58:36.425-06:00  INFO 129203 --- [pruebaTecnica] [restartedMain] o.s.o.j.p.SpringPersistenceUnitInfo      : No LoadTimeWeaver setup: ignoring JPA class transformer
2025-08-15T17:58:36.469-06:00  INFO 129203 --- [pruebaTecnica] [restartedMain] com.zaxxer.hikari.HikariDataSource       : HikariPool-1 - Starting...
2025-08-15T17:58:36.654-06:00  INFO 129203 --- [pruebaTecnica] [restartedMain] com.zaxxer.hikari.pool.HikariPool        : HikariPool-1 - Added connection org.postgresql.jdbc.PgConnection@24a63245
2025-08-15T17:58:36.656-06:00  INFO 129203 --- [pruebaTecnica] [restartedMain] com.zaxxer.hikari.HikariDataSource       : HikariPool-1 - Start completed.
2025-08-15T17:58:36.689-06:00  WARN 129203 --- [pruebaTecnica] [restartedMain] org.hibernate.orm.deprecation            : HHH90000025: PostgreSQLDialect does not need to be specified explicitly using 'hibernate.dialect' (remove the property setting and it will be selected by default)
2025-08-15T17:58:36.719-06:00  INFO 129203 --- [pruebaTecnica] [restartedMain] org.hibernate.orm.connections.pooling    : HHH10001005: Database info:
	Database JDBC URL [Connecting through datasource 'HikariDataSource (HikariPool-1)']
	Database driver: undefined/unknown
	Database version: 17.5
	Autocommit mode: undefined/unknown
	Isolation level: undefined/unknown
	Minimum pool size: undefined/unknown
	Maximum pool size: undefined/unknown
2025-08-15T17:58:37.513-06:00  INFO 129203 --- [pruebaTecnica] [restartedMain] o.h.e.t.j.p.i.JtaPlatformInitiator       : HHH000489: No JTA platform available (set 'hibernate.transaction.jta.platform' to enable JTA platform integration)
2025-08-15T17:58:37.724-06:00  INFO 129203 --- [pruebaTecnica] [restartedMain] j.LocalContainerEntityManagerFactoryBean : Initialized JPA EntityManagerFactory for persistence unit 'default'
2025-08-15T17:58:38.237-06:00  WARN 129203 --- [pruebaTecnica] [restartedMain] JpaBaseConfiguration$JpaWebConfiguration : spring.jpa.open-in-view is enabled by default. Therefore, database queries may be performed during view rendering. Explicitly configure spring.jpa.open-in-view to disable this warning
2025-08-15T17:58:38.849-06:00  INFO 129203 --- [pruebaTecnica] [restartedMain] o.s.b.d.a.OptionalLiveReloadServer       : LiveReload server is running on port 35729
2025-08-15T17:58:38.917-06:00  INFO 129203 --- [pruebaTecnica] [restartedMain] o.s.b.w.embedded.tomcat.TomcatWebServer  : Tomcat started on port 8080 (http) with context path '/'
2025-08-15T17:58:38.933-06:00  INFO 129203 --- [pruebaTecnica] [restartedMain] m.n.p.PruebaTecnicaApplication           : Started PruebaTecnicaApplication in 5.557 seconds (process running for 6.158)
2025-08-15T17:58:45.457-06:00  INFO 129203 --- [pruebaTecnica] [http-nio-8080-exec-1] o.a.c.c.C.[Tomcat].[localhost].[/]       : Initializing Spring DispatcherServlet 'dispatcherServlet'
2025-08-15T17:58:45.457-06:00  INFO 129203 --- [pruebaTecnica] [http-nio-8080-exec-1] o.s.web.servlet.DispatcherServlet        : Initializing Servlet 'dispatcherServlet'
2025-08-15T17:58:45.458-06:00  INFO 129203 --- [pruebaTecnica] [http-nio-8080-exec-1] o.s.web.servlet.DispatcherServlet        : Completed initialization in 1 ms
2025-08-15T17:58:46.340-06:00  INFO 129203 --- [pruebaTecnica] [http-nio-8080-exec-10] o.springdoc.api.AbstractOpenApiResource  : Init duration for springdoc-openapi is: 182 ms
2025-08-15T18:03:04.753-06:00  INFO 129203 --- [pruebaTecnica] [File Watcher] rtingClassPathChangeChangedEventListener : Restarting due to 1 class path change (1 addition, 0 deletions, 0 modifications)
2025-08-15T18:03:04.758-06:00  INFO 129203 --- [pruebaTecnica] [Thread-5] o.s.b.w.e.tomcat.GracefulShutdown        : Commencing graceful shutdown. Waiting for active requests to complete
2025-08-15T18:03:04.762-06:00  INFO 129203 --- [pruebaTecnica] [tomcat-shutdown] o.s.b.w.e.tomcat.GracefulShutdown        : Graceful shutdown complete
2025-08-15T18:03:04.767-06:00  INFO 129203 --- [pruebaTecnica] [Thread-5] j.LocalContainerEntityManagerFactoryBean : Closing JPA EntityManagerFactory for persistence unit 'default'
2025-08-15T18:03:04.782-06:00  INFO 129203 --- [pruebaTecnica] [Thread-5] com.zaxxer.hikari.HikariDataSource       : HikariPool-1 - Shutdown initiated...
2025-08-15T18:03:04.788-06:00  INFO 129203 --- [pruebaTecnica] [Thread-5] com.zaxxer.hikari.HikariDataSource       : HikariPool-1 - Shutdown completed.
2025-08-15T18:03:04.892-06:00  INFO 129203 --- [pruebaTecnica] [restartedMain] m.n.p.PruebaTecnicaApplication           : Starting PruebaTecnicaApplication using Java 21.0.8 with PID 129203 (/home/luisgmm/Documentos/Proyectos/PruebaTecnicaGrupoNach/bin/main started by luisgmm in /home/luisgmm/Documentos/Proyectos/PruebaTecnicaGrupoNach)
2025-08-15T18:03:04.892-06:00 DEBUG 129203 --- [pruebaTecnica] [restartedMain] m.n.p.PruebaTecnicaApplication           : Running with Spring Boot v3.5.4, Spring v6.2.9
2025-08-15T18:03:04.893-06:00  INFO 129203 --- [pruebaTecnica] [restartedMain] m.n.p.PruebaTecnicaApplication           : The following 1 profile is active: "dev"
2025-08-15T18:03:05.203-06:00  INFO 129203 --- [pruebaTecnica] [restartedMain] .s.d.r.c.RepositoryConfigurationDelegate : Multiple Spring Data modules found, entering strict repository configuration mode
2025-08-15T18:03:05.203-06:00  INFO 129203 --- [pruebaTecnica] [restartedMain] .s.d.r.c.RepositoryConfigurationDelegate : Bootstrapping Spring Data JDBC repositories in DEFAULT mode.
2025-08-15T18:03:05.219-06:00  INFO 129203 --- [pruebaTecnica] [restartedMain] .RepositoryConfigurationExtensionSupport : Spring Data JDBC - Could not safely identify store assignment for repository candidate interface mx.nach.pruebaTecnica.repositories.CrudEstadosPrestamosRepository; If you want this repository to be a JDBC repository, consider annotating your entities with one of these annotations: org.springframework.data.relational.core.mapping.Table.
2025-08-15T18:03:05.220-06:00  INFO 129203 --- [pruebaTecnica] [restartedMain] .RepositoryConfigurationExtensionSupport : Spring Data JDBC - Could not safely identify store assignment for repository candidate interface mx.nach.pruebaTecnica.repositories.CrudPrestamosRepository; If you want this repository to be a JDBC repository, consider annotating your entities with one of these annotations: org.springframework.data.relational.core.mapping.Table.
2025-08-15T18:03:05.221-06:00  INFO 129203 --- [pruebaTecnica] [restartedMain] .RepositoryConfigurationExtensionSupport : Spring Data JDBC - Could not safely identify store assignment for repository candidate interface mx.nach.pruebaTecnica.repositories.CrudRepository; If you want this repository to be a JDBC repository, consider annotating your entities with one of these annotations: org.springframework.data.relational.core.mapping.Table.
2025-08-15T18:03:05.221-06:00  INFO 129203 --- [pruebaTecnica] [restartedMain] .s.d.r.c.RepositoryConfigurationDelegate : Finished Spring Data repository scanning in 17 ms. Found 0 JDBC repository interfaces.
2025-08-15T18:03:05.225-06:00  INFO 129203 --- [pruebaTecnica] [restartedMain] .s.d.r.c.RepositoryConfigurationDelegate : Multiple Spring Data modules found, entering strict repository configuration mode
2025-08-15T18:03:05.225-06:00  INFO 129203 --- [pruebaTecnica] [restartedMain] .s.d.r.c.RepositoryConfigurationDelegate : Bootstrapping Spring Data JPA repositories in DEFAULT mode.
2025-08-15T18:03:05.236-06:00  INFO 129203 --- [pruebaTecnica] [restartedMain] .s.d.r.c.RepositoryConfigurationDelegate : Finished Spring Data repository scanning in 9 ms. Found 3 JPA repository interfaces.
2025-08-15T18:03:05.390-06:00  INFO 129203 --- [pruebaTecnica] [restartedMain] o.s.b.w.embedded.tomcat.TomcatWebServer  : Tomcat initialized with port 8080 (http)
2025-08-15T18:03:05.391-06:00  INFO 129203 --- [pruebaTecnica] [restartedMain] o.apache.catalina.core.StandardService   : Starting service [Tomcat]
2025-08-15T18:03:05.392-06:00  INFO 129203 --- [pruebaTecnica] [restartedMain] o.apache.catalina.core.StandardEngine    : Starting Servlet engine: [Apache Tomcat/10.1.43]
2025-08-15T18:03:05.402-06:00  INFO 129203 --- [pruebaTecnica] [restartedMain] o.a.c.c.C.[Tomcat].[localhost].[/]       : Initializing Spring embedded WebApplicationContext
2025-08-15T18:03:05.403-06:00  INFO 129203 --- [pruebaTecnica] [restartedMain] w.s.c.ServletWebServerApplicationContext : Root WebApplicationContext: initialization completed in 508 ms
2025-08-15T18:03:05.441-06:00  INFO 129203 --- [pruebaTecnica] [restartedMain] o.hibernate.jpa.internal.util.LogHelper  : HHH000204: Processing PersistenceUnitInfo [name: default]
2025-08-15T18:03:05.443-06:00  INFO 129203 --- [pruebaTecnica] [restartedMain] o.h.c.internal.RegionFactoryInitiator    : HHH000026: Second-level cache disabled
2025-08-15T18:03:05.466-06:00  INFO 129203 --- [pruebaTecnica] [restartedMain] o.s.o.j.p.SpringPersistenceUnitInfo      : No LoadTimeWeaver setup: ignoring JPA class transformer
2025-08-15T18:03:05.476-06:00  INFO 129203 --- [pruebaTecnica] [restartedMain] com.zaxxer.hikari.HikariDataSource       : HikariPool-2 - Starting...
2025-08-15T18:03:05.568-06:00  INFO 129203 --- [pruebaTecnica] [restartedMain] com.zaxxer.hikari.pool.HikariPool        : HikariPool-2 - Added connection org.postgresql.jdbc.PgConnection@62ff891
2025-08-15T18:03:05.568-06:00  INFO 129203 --- [pruebaTecnica] [restartedMain] com.zaxxer.hikari.HikariDataSource       : HikariPool-2 - Start completed.
2025-08-15T18:03:05.571-06:00  WARN 129203 --- [pruebaTecnica] [restartedMain] org.hibernate.orm.deprecation            : HHH90000025: PostgreSQLDialect does not need to be specified explicitly using 'hibernate.dialect' (remove the property setting and it will be selected by default)
2025-08-15T18:03:05.573-06:00  INFO 129203 --- [pruebaTecnica] [restartedMain] org.hibernate.orm.connections.pooling    : HHH10001005: Database info:
	Database JDBC URL [Connecting through datasource 'HikariDataSource (HikariPool-2)']
	Database driver: undefined/unknown
	Database version: 17.5
	Autocommit mode: undefined/unknown
	Isolation level: undefined/unknown
	Minimum pool size: undefined/unknown
	Maximum pool size: undefined/unknown
2025-08-15T18:03:05.661-06:00  INFO 129203 --- [pruebaTecnica] [restartedMain] o.h.e.t.j.p.i.JtaPlatformInitiator       : HHH000489: No JTA platform available (set 'hibernate.transaction.jta.platform' to enable JTA platform integration)
2025-08-15T18:03:05.866-06:00  INFO 129203 --- [pruebaTecnica] [restartedMain] j.LocalContainerEntityManagerFactoryBean : Initialized JPA EntityManagerFactory for persistence unit 'default'
2025-08-15T18:03:05.971-06:00  WARN 129203 --- [pruebaTecnica] [restartedMain] JpaBaseConfiguration$JpaWebConfiguration : spring.jpa.open-in-view is enabled by default. Therefore, database queries may be performed during view rendering. Explicitly configure spring.jpa.open-in-view to disable this warning
2025-08-15T18:03:06.107-06:00  INFO 129203 --- [pruebaTecnica] [restartedMain] o.s.b.d.a.OptionalLiveReloadServer       : LiveReload server is running on port 35729
2025-08-15T18:03:06.119-06:00  INFO 129203 --- [pruebaTecnica] [restartedMain] o.s.b.w.embedded.tomcat.TomcatWebServer  : Tomcat started on port 8080 (http) with context path '/'
2025-08-15T18:03:06.123-06:00  INFO 129203 --- [pruebaTecnica] [restartedMain] m.n.p.PruebaTecnicaApplication           : Started PruebaTecnicaApplication in 1.268 seconds (process running for 273.349)
2025-08-15T18:03:06.125-06:00  INFO 129203 --- [pruebaTecnica] [restartedMain] .ConditionEvaluationDeltaLoggingListener : Condition evaluation unchanged
2025-08-15T18:03:21.535-06:00  INFO 129203 --- [pruebaTecnica] [File Watcher] rtingClassPathChangeChangedEventListener : Restarting due to 2 class path changes (1 addition, 1 deletion, 0 modifications)
2025-08-15T18:03:21.537-06:00  INFO 129203 --- [pruebaTecnica] [Thread-7] o.s.b.w.e.tomcat.GracefulShutdown        : Commencing graceful shutdown. Waiting for active requests to complete
2025-08-15T18:03:21.538-06:00  INFO 129203 --- [pruebaTecnica] [tomcat-shutdown] o.s.b.w.e.tomcat.GracefulShutdown        : Graceful shutdown complete
2025-08-15T18:03:21.540-06:00  INFO 129203 --- [pruebaTecnica] [Thread-7] j.LocalContainerEntityManagerFactoryBean : Closing JPA EntityManagerFactory for persistence unit 'default'
2025-08-15T18:03:21.541-06:00  INFO 129203 --- [pruebaTecnica] [Thread-7] com.zaxxer.hikari.HikariDataSource       : HikariPool-2 - Shutdown initiated...
2025-08-15T18:03:21.544-06:00  INFO 129203 --- [pruebaTecnica] [Thread-7] com.zaxxer.hikari.HikariDataSource       : HikariPool-2 - Shutdown completed.
2025-08-15T18:03:21.623-06:00  INFO 129203 --- [pruebaTecnica] [restartedMain] m.n.p.PruebaTecnicaApplication           : Starting PruebaTecnicaApplication using Java 21.0.8 with PID 129203 (/home/luisgmm/Documentos/Proyectos/PruebaTecnicaGrupoNach/bin/main started by luisgmm in /home/luisgmm/Documentos/Proyectos/PruebaTecnicaGrupoNach)
2025-08-15T18:03:21.623-06:00 DEBUG 129203 --- [pruebaTecnica] [restartedMain] m.n.p.PruebaTecnicaApplication           : Running with Spring Boot v3.5.4, Spring v6.2.9
2025-08-15T18:03:21.624-06:00  INFO 129203 --- [pruebaTecnica] [restartedMain] m.n.p.PruebaTecnicaApplication           : The following 1 profile is active: "dev"
2025-08-15T18:03:21.818-06:00  INFO 129203 --- [pruebaTecnica] [restartedMain] .s.d.r.c.RepositoryConfigurationDelegate : Multiple Spring Data modules found, entering strict repository configuration mode
2025-08-15T18:03:21.819-06:00  INFO 129203 --- [pruebaTecnica] [restartedMain] .s.d.r.c.RepositoryConfigurationDelegate : Bootstrapping Spring Data JDBC repositories in DEFAULT mode.
2025-08-15T18:03:21.823-06:00  INFO 129203 --- [pruebaTecnica] [restartedMain] .RepositoryConfigurationExtensionSupport : Spring Data JDBC - Could not safely identify store assignment for repository candidate interface mx.nach.pruebaTecnica.repositories.CrudEstadosPrestamosRepository; If you want this repository to be a JDBC repository, consider annotating your entities with one of these annotations: org.springframework.data.relational.core.mapping.Table.
2025-08-15T18:03:21.824-06:00  INFO 129203 --- [pruebaTecnica] [restartedMain] .RepositoryConfigurationExtensionSupport : Spring Data JDBC - Could not safely identify store assignment for repository candidate interface mx.nach.pruebaTecnica.repositories.CrudPrestamosRepository; If you want this repository to be a JDBC repository, consider annotating your entities with one of these annotations: org.springframework.data.relational.core.mapping.Table.
2025-08-15T18:03:21.826-06:00  INFO 129203 --- [pruebaTecnica] [restartedMain] .RepositoryConfigurationExtensionSupport : Spring Data JDBC - Could not safely identify store assignment for repository candidate interface mx.nach.pruebaTecnica.repositories.CrudRepository; If you want this repository to be a JDBC repository, consider annotating your entities with one of these annotations: org.springframework.data.relational.core.mapping.Table.
2025-08-15T18:03:21.826-06:00  INFO 129203 --- [pruebaTecnica] [restartedMain] .s.d.r.c.RepositoryConfigurationDelegate : Finished Spring Data repository scanning in 6 ms. Found 0 JDBC repository interfaces.
2025-08-15T18:03:21.828-06:00  INFO 129203 --- [pruebaTecnica] [restartedMain] .s.d.r.c.RepositoryConfigurationDelegate : Multiple Spring Data modules found, entering strict repository configuration mode
2025-08-15T18:03:21.829-06:00  INFO 129203 --- [pruebaTecnica] [restartedMain] .s.d.r.c.RepositoryConfigurationDelegate : Bootstrapping Spring Data JPA repositories in DEFAULT mode.
2025-08-15T18:03:21.835-06:00  INFO 129203 --- [pruebaTecnica] [restartedMain] .s.d.r.c.RepositoryConfigurationDelegate : Finished Spring Data repository scanning in 5 ms. Found 3 JPA repository interfaces.
2025-08-15T18:03:21.925-06:00  INFO 129203 --- [pruebaTecnica] [restartedMain] o.s.b.w.embedded.tomcat.TomcatWebServer  : Tomcat initialized with port 8080 (http)
2025-08-15T18:03:21.926-06:00  INFO 129203 --- [pruebaTecnica] [restartedMain] o.apache.catalina.core.StandardService   : Starting service [Tomcat]
2025-08-15T18:03:21.926-06:00  INFO 129203 --- [pruebaTecnica] [restartedMain] o.apache.catalina.core.StandardEngine    : Starting Servlet engine: [Apache Tomcat/10.1.43]
2025-08-15T18:03:21.934-06:00  INFO 129203 --- [pruebaTecnica] [restartedMain] o.a.c.c.C.[Tomcat].[localhost].[/]       : Initializing Spring embedded WebApplicationContext
2025-08-15T18:03:21.935-06:00  INFO 129203 --- [pruebaTecnica] [restartedMain] w.s.c.ServletWebServerApplicationContext : Root WebApplicationContext: initialization completed in 310 ms
2025-08-15T18:03:21.969-06:00  INFO 129203 --- [pruebaTecnica] [restartedMain] o.hibernate.jpa.internal.util.LogHelper  : HHH000204: Processing PersistenceUnitInfo [name: default]
2025-08-15T18:03:21.970-06:00  INFO 129203 --- [pruebaTecnica] [restartedMain] o.h.c.internal.RegionFactoryInitiator    : HHH000026: Second-level cache disabled
2025-08-15T18:03:21.976-06:00  INFO 129203 --- [pruebaTecnica] [restartedMain] o.s.o.j.p.SpringPersistenceUnitInfo      : No LoadTimeWeaver setup: ignoring JPA class transformer
2025-08-15T18:03:21.977-06:00  INFO 129203 --- [pruebaTecnica] [restartedMain] com.zaxxer.hikari.HikariDataSource       : HikariPool-3 - Starting...
2025-08-15T18:03:21.989-06:00  INFO 129203 --- [pruebaTecnica] [restartedMain] com.zaxxer.hikari.pool.HikariPool        : HikariPool-3 - Added connection org.postgresql.jdbc.PgConnection@6b1547a
2025-08-15T18:03:21.990-06:00  INFO 129203 --- [pruebaTecnica] [restartedMain] com.zaxxer.hikari.HikariDataSource       : HikariPool-3 - Start completed.
2025-08-15T18:03:21.992-06:00  WARN 129203 --- [pruebaTecnica] [restartedMain] org.hibernate.orm.deprecation            : HHH90000025: PostgreSQLDialect does not need to be specified explicitly using 'hibernate.dialect' (remove the property setting and it will be selected by default)
2025-08-15T18:03:21.995-06:00  INFO 129203 --- [pruebaTecnica] [restartedMain] org.hibernate.orm.connections.pooling    : HHH10001005: Database info:
	Database JDBC URL [Connecting through datasource 'HikariDataSource (HikariPool-3)']
	Database driver: undefined/unknown
	Database version: 17.5
	Autocommit mode: undefined/unknown
	Isolation level: undefined/unknown
	Minimum pool size: undefined/unknown
	Maximum pool size: undefined/unknown
2025-08-15T18:03:22.074-06:00  INFO 129203 --- [pruebaTecnica] [restartedMain] o.h.e.t.j.p.i.JtaPlatformInitiator       : HHH000489: No JTA platform available (set 'hibernate.transaction.jta.platform' to enable JTA platform integration)
2025-08-15T18:03:22.257-06:00  INFO 129203 --- [pruebaTecnica] [restartedMain] j.LocalContainerEntityManagerFactoryBean : Initialized JPA EntityManagerFactory for persistence unit 'default'
2025-08-15T18:03:22.347-06:00  WARN 129203 --- [pruebaTecnica] [restartedMain] JpaBaseConfiguration$JpaWebConfiguration : spring.jpa.open-in-view is enabled by default. Therefore, database queries may be performed during view rendering. Explicitly configure spring.jpa.open-in-view to disable this warning
2025-08-15T18:03:22.451-06:00  INFO 129203 --- [pruebaTecnica] [restartedMain] o.s.b.d.a.OptionalLiveReloadServer       : LiveReload server is running on port 35729
2025-08-15T18:03:22.460-06:00  INFO 129203 --- [pruebaTecnica] [restartedMain] o.s.b.w.embedded.tomcat.TomcatWebServer  : Tomcat started on port 8080 (http) with context path '/'
2025-08-15T18:03:22.463-06:00  INFO 129203 --- [pruebaTecnica] [restartedMain] m.n.p.PruebaTecnicaApplication           : Started PruebaTecnicaApplication in 0.866 seconds (process running for 289.688)
2025-08-15T18:03:22.464-06:00  INFO 129203 --- [pruebaTecnica] [restartedMain] .ConditionEvaluationDeltaLoggingListener : Condition evaluation unchanged
2025-08-15T18:03:23.166-06:00  INFO 129203 --- [pruebaTecnica] [SpringApplicationShutdownHook] o.s.b.w.e.tomcat.GracefulShutdown        : Commencing graceful shutdown. Waiting for active requests to complete
2025-08-15T18:03:23.169-06:00  INFO 129203 --- [pruebaTecnica] [tomcat-shutdown] o.s.b.w.e.tomcat.GracefulShutdown        : Graceful shutdown complete
2025-08-15T18:03:23.171-06:00  INFO 129203 --- [pruebaTecnica] [SpringApplicationShutdownHook] j.LocalContainerEntityManagerFactoryBean : Closing JPA EntityManagerFactory for persistence unit 'default'
2025-08-15T18:03:23.173-06:00  INFO 129203 --- [pruebaTecnica] [SpringApplicationShutdownHook] com.zaxxer.hikari.HikariDataSource       : HikariPool-3 - Shutdown initiated...
2025-08-15T18:03:23.182-06:00  INFO 129203 --- [pruebaTecnica] [SpringApplicationShutdownHook] com.zaxxer.hikari.HikariDataSource       : HikariPool-3 - Shutdown completed.
2025-08-15T18:03:24.849-06:00  INFO 131158 --- [pruebaTecnica] [restartedMain] m.n.p.PruebaTecnicaApplication           : Starting PruebaTecnicaApplication using Java 21.0.8 with PID 131158 (/home/luisgmm/Documentos/Proyectos/PruebaTecnicaGrupoNach/bin/main started by luisgmm in /home/luisgmm/Documentos/Proyectos/PruebaTecnicaGrupoNach)
2025-08-15T18:03:24.852-06:00 DEBUG 131158 --- [pruebaTecnica] [restartedMain] m.n.p.PruebaTecnicaApplication           : Running with Spring Boot v3.5.4, Spring v6.2.9
2025-08-15T18:03:24.853-06:00  INFO 131158 --- [pruebaTecnica] [restartedMain] m.n.p.PruebaTecnicaApplication           : The following 1 profile is active: "dev"
2025-08-15T18:03:24.937-06:00  INFO 131158 --- [pruebaTecnica] [restartedMain] .e.DevToolsPropertyDefaultsPostProcessor : Devtools property defaults active! Set 'spring.devtools.add-properties' to 'false' to disable
2025-08-15T18:03:24.938-06:00  INFO 131158 --- [pruebaTecnica] [restartedMain] .e.DevToolsPropertyDefaultsPostProcessor : For additional web related logging consider setting the 'logging.level.web' property to 'DEBUG'
2025-08-15T18:03:26.130-06:00  INFO 131158 --- [pruebaTecnica] [restartedMain] .s.d.r.c.RepositoryConfigurationDelegate : Multiple Spring Data modules found, entering strict repository configuration mode
2025-08-15T18:03:26.132-06:00  INFO 131158 --- [pruebaTecnica] [restartedMain] .s.d.r.c.RepositoryConfigurationDelegate : Bootstrapping Spring Data JDBC repositories in DEFAULT mode.
2025-08-15T18:03:26.184-06:00  INFO 131158 --- [pruebaTecnica] [restartedMain] .RepositoryConfigurationExtensionSupport : Spring Data JDBC - Could not safely identify store assignment for repository candidate interface mx.nach.pruebaTecnica.repositories.CrudEstadosPrestamosRepository; If you want this repository to be a JDBC repository, consider annotating your entities with one of these annotations: org.springframework.data.relational.core.mapping.Table.
2025-08-15T18:03:26.186-06:00  INFO 131158 --- [pruebaTecnica] [restartedMain] .RepositoryConfigurationExtensionSupport : Spring Data JDBC - Could not safely identify store assignment for repository candidate interface mx.nach.pruebaTecnica.repositories.CrudPrestamosRepository; If you want this repository to be a JDBC repository, consider annotating your entities with one of these annotations: org.springframework.data.relational.core.mapping.Table.
2025-08-15T18:03:26.187-06:00  INFO 131158 --- [pruebaTecnica] [restartedMain] .RepositoryConfigurationExtensionSupport : Spring Data JDBC - Could not safely identify store assignment for repository candidate interface mx.nach.pruebaTecnica.repositories.CrudRepository; If you want this repository to be a JDBC repository, consider annotating your entities with one of these annotations: org.springframework.data.relational.core.mapping.Table.
2025-08-15T18:03:26.188-06:00  INFO 131158 --- [pruebaTecnica] [restartedMain] .s.d.r.c.RepositoryConfigurationDelegate : Finished Spring Data repository scanning in 47 ms. Found 0 JDBC repository interfaces.
2025-08-15T18:03:26.210-06:00  INFO 131158 --- [pruebaTecnica] [restartedMain] .s.d.r.c.RepositoryConfigurationDelegate : Multiple Spring Data modules found, entering strict repository configuration mode
2025-08-15T18:03:26.211-06:00  INFO 131158 --- [pruebaTecnica] [restartedMain] .s.d.r.c.RepositoryConfigurationDelegate : Bootstrapping Spring Data JPA repositories in DEFAULT mode.
2025-08-15T18:03:26.268-06:00  INFO 131158 --- [pruebaTecnica] [restartedMain] .s.d.r.c.RepositoryConfigurationDelegate : Finished Spring Data repository scanning in 49 ms. Found 3 JPA repository interfaces.
2025-08-15T18:03:27.156-06:00  INFO 131158 --- [pruebaTecnica] [restartedMain] o.s.b.w.embedded.tomcat.TomcatWebServer  : Tomcat initialized with port 8080 (http)
2025-08-15T18:03:27.184-06:00  INFO 131158 --- [pruebaTecnica] [restartedMain] o.apache.catalina.core.StandardService   : Starting service [Tomcat]
2025-08-15T18:03:27.185-06:00  INFO 131158 --- [pruebaTecnica] [restartedMain] o.apache.catalina.core.StandardEngine    : Starting Servlet engine: [Apache Tomcat/10.1.43]
2025-08-15T18:03:27.242-06:00  INFO 131158 --- [pruebaTecnica] [restartedMain] o.a.c.c.C.[Tomcat].[localhost].[/]       : Initializing Spring embedded WebApplicationContext
2025-08-15T18:03:27.242-06:00  INFO 131158 --- [pruebaTecnica] [restartedMain] w.s.c.ServletWebServerApplicationContext : Root WebApplicationContext: initialization completed in 2304 ms
2025-08-15T18:03:27.490-06:00  INFO 131158 --- [pruebaTecnica] [restartedMain] o.hibernate.jpa.internal.util.LogHelper  : HHH000204: Processing PersistenceUnitInfo [name: default]
2025-08-15T18:03:27.586-06:00  INFO 131158 --- [pruebaTecnica] [restartedMain] org.hibernate.Version                    : HHH000412: Hibernate ORM core version 6.6.22.Final
2025-08-15T18:03:27.640-06:00  INFO 131158 --- [pruebaTecnica] [restartedMain] o.h.c.internal.RegionFactoryInitiator    : HHH000026: Second-level cache disabled
2025-08-15T18:03:28.020-06:00  INFO 131158 --- [pruebaTecnica] [restartedMain] o.s.o.j.p.SpringPersistenceUnitInfo      : No LoadTimeWeaver setup: ignoring JPA class transformer
2025-08-15T18:03:28.069-06:00  INFO 131158 --- [pruebaTecnica] [restartedMain] com.zaxxer.hikari.HikariDataSource       : HikariPool-1 - Starting...
2025-08-15T18:03:28.297-06:00  INFO 131158 --- [pruebaTecnica] [restartedMain] com.zaxxer.hikari.pool.HikariPool        : HikariPool-1 - Added connection org.postgresql.jdbc.PgConnection@2ab83fa1
2025-08-15T18:03:28.298-06:00  INFO 131158 --- [pruebaTecnica] [restartedMain] com.zaxxer.hikari.HikariDataSource       : HikariPool-1 - Start completed.
2025-08-15T18:03:28.343-06:00  WARN 131158 --- [pruebaTecnica] [restartedMain] org.hibernate.orm.deprecation            : HHH90000025: PostgreSQLDialect does not need to be specified explicitly using 'hibernate.dialect' (remove the property setting and it will be selected by default)
2025-08-15T18:03:28.366-06:00  INFO 131158 --- [pruebaTecnica] [restartedMain] org.hibernate.orm.connections.pooling    : HHH10001005: Database info:
	Database JDBC URL [Connecting through datasource 'HikariDataSource (HikariPool-1)']
	Database driver: undefined/unknown
	Database version: 17.5
	Autocommit mode: undefined/unknown
	Isolation level: undefined/unknown
	Minimum pool size: undefined/unknown
	Maximum pool size: undefined/unknown
2025-08-15T18:03:29.411-06:00  INFO 131158 --- [pruebaTecnica] [restartedMain] o.h.e.t.j.p.i.JtaPlatformInitiator       : HHH000489: No JTA platform available (set 'hibernate.transaction.jta.platform' to enable JTA platform integration)
2025-08-15T18:03:29.634-06:00  INFO 131158 --- [pruebaTecnica] [restartedMain] j.LocalContainerEntityManagerFactoryBean : Initialized JPA EntityManagerFactory for persistence unit 'default'
2025-08-15T18:03:30.264-06:00  WARN 131158 --- [pruebaTecnica] [restartedMain] JpaBaseConfiguration$JpaWebConfiguration : spring.jpa.open-in-view is enabled by default. Therefore, database queries may be performed during view rendering. Explicitly configure spring.jpa.open-in-view to disable this warning
2025-08-15T18:03:30.892-06:00  INFO 131158 --- [pruebaTecnica] [restartedMain] o.s.b.d.a.OptionalLiveReloadServer       : LiveReload server is running on port 35729
2025-08-15T18:03:30.921-06:00  INFO 131158 --- [pruebaTecnica] [restartedMain] o.s.b.w.embedded.tomcat.TomcatWebServer  : Tomcat started on port 8080 (http) with context path '/'
2025-08-15T18:03:30.934-06:00  INFO 131158 --- [pruebaTecnica] [restartedMain] m.n.p.PruebaTecnicaApplication           : Started PruebaTecnicaApplication in 6.675 seconds (process running for 7.264)
2025-08-15T18:03:40.092-06:00  INFO 131158 --- [pruebaTecnica] [http-nio-8080-exec-1] o.a.c.c.C.[Tomcat].[localhost].[/]       : Initializing Spring DispatcherServlet 'dispatcherServlet'
2025-08-15T18:03:40.093-06:00  INFO 131158 --- [pruebaTecnica] [http-nio-8080-exec-1] o.s.web.servlet.DispatcherServlet        : Initializing Servlet 'dispatcherServlet'
2025-08-15T18:03:40.096-06:00  INFO 131158 --- [pruebaTecnica] [http-nio-8080-exec-1] o.s.web.servlet.DispatcherServlet        : Completed initialization in 2 ms
2025-08-15T18:03:40.821-06:00  INFO 131158 --- [pruebaTecnica] [http-nio-8080-exec-9] o.springdoc.api.AbstractOpenApiResource  : Init duration for springdoc-openapi is: 238 ms
2025-08-15T18:04:37.968-06:00  WARN 131158 --- [pruebaTecnica] [http-nio-8080-exec-10] ration$PageModule$WarningLoggingModifier : Serializing PageImpl instances as-is is not supported, meaning that there is no guarantee about the stability of the resulting JSON structure!
	For a stable JSON structure, please use Spring Data's PagedModel (globally via @EnableSpringDataWebSupport(pageSerializationMode = VIA_DTO))
	or Spring HATEOAS and Spring Data's PagedResourcesAssembler as documented in https://docs.spring.io/spring-data/commons/reference/repositories/core-extensions.html#core.web.pageables.

2025-08-15T18:05:18.391-06:00 ERROR 131158 --- [pruebaTecnica] [http-nio-8080-exec-7] m.n.pruebaTecnica.errors.ErrorControl    : Error: Validation failed for argument [0] in public org.springframework.http.ResponseEntity<java.lang.Void> mx.nach.pruebaTecnica.controllers.CrudController.createClient(mx.nach.pruebaTecnica.dto.Request): [Field error in object 'request' on field 'email': rejected value [null]; codes [NotBlank.request.email,NotBlank.email,NotBlank.java.lang.String,NotBlank]; arguments [org.springframework.context.support.DefaultMessageSourceResolvable: codes [request.email,email]; arguments []; default message [email]]; default message [no debe estar vacío]] 

org.springframework.web.bind.MethodArgumentNotValidException: Validation failed for argument [0] in public org.springframework.http.ResponseEntity<java.lang.Void> mx.nach.pruebaTecnica.controllers.CrudController.createClient(mx.nach.pruebaTecnica.dto.Request): [Field error in object 'request' on field 'email': rejected value [null]; codes [NotBlank.request.email,NotBlank.email,NotBlank.java.lang.String,NotBlank]; arguments [org.springframework.context.support.DefaultMessageSourceResolvable: codes [request.email,email]; arguments []; default message [email]]; default message [no debe estar vacío]] 
	at org.springframework.web.servlet.mvc.method.annotation.RequestResponseBodyMethodProcessor.resolveArgument(RequestResponseBodyMethodProcessor.java:159) ~[spring-webmvc-6.2.9.jar:6.2.9]
	at org.springframework.web.method.support.HandlerMethodArgumentResolverComposite.resolveArgument(HandlerMethodArgumentResolverComposite.java:122) ~[spring-web-6.2.9.jar:6.2.9]
	at org.springframework.web.method.support.InvocableHandlerMethod.getMethodArgumentValues(InvocableHandlerMethod.java:227) ~[spring-web-6.2.9.jar:6.2.9]
	at org.springframework.web.method.support.InvocableHandlerMethod.invokeForRequest(InvocableHandlerMethod.java:181) ~[spring-web-6.2.9.jar:6.2.9]
	at org.springframework.web.servlet.mvc.method.annotation.ServletInvocableHandlerMethod.invokeAndHandle(ServletInvocableHandlerMethod.java:118) ~[spring-webmvc-6.2.9.jar:6.2.9]
	at org.springframework.web.servlet.mvc.method.annotation.RequestMappingHandlerAdapter.invokeHandlerMethod(RequestMappingHandlerAdapter.java:991) ~[spring-webmvc-6.2.9.jar:6.2.9]
	at org.springframework.web.servlet.mvc.method.annotation.RequestMappingHandlerAdapter.handleInternal(RequestMappingHandlerAdapter.java:896) ~[spring-webmvc-6.2.9.jar:6.2.9]
	at org.springframework.web.servlet.mvc.method.AbstractHandlerMethodAdapter.handle(AbstractHandlerMethodAdapter.java:87) ~[spring-webmvc-6.2.9.jar:6.2.9]
	at org.springframework.web.servlet.DispatcherServlet.doDispatch(DispatcherServlet.java:1089) ~[spring-webmvc-6.2.9.jar:6.2.9]
	at org.springframework.web.servlet.DispatcherServlet.doService(DispatcherServlet.java:979) ~[spring-webmvc-6.2.9.jar:6.2.9]
	at org.springframework.web.servlet.FrameworkServlet.processRequest(FrameworkServlet.java:1014) ~[spring-webmvc-6.2.9.jar:6.2.9]
	at org.springframework.web.servlet.FrameworkServlet.doPost(FrameworkServlet.java:914) ~[spring-webmvc-6.2.9.jar:6.2.9]
	at jakarta.servlet.http.HttpServlet.service(HttpServlet.java:590) ~[tomcat-embed-core-10.1.43.jar:6.0]
	at org.springframework.web.servlet.FrameworkServlet.service(FrameworkServlet.java:885) ~[spring-webmvc-6.2.9.jar:6.2.9]
	at jakarta.servlet.http.HttpServlet.service(HttpServlet.java:658) ~[tomcat-embed-core-10.1.43.jar:6.0]
	at org.apache.catalina.core.ApplicationFilterChain.internalDoFilter(ApplicationFilterChain.java:195) ~[tomcat-embed-core-10.1.43.jar:10.1.43]
	at org.apache.catalina.core.ApplicationFilterChain.doFilter(ApplicationFilterChain.java:140) ~[tomcat-embed-core-10.1.43.jar:10.1.43]
	at org.apache.tomcat.websocket.server.WsFilter.doFilter(WsFilter.java:51) ~[tomcat-embed-websocket-10.1.43.jar:10.1.43]
	at org.apache.catalina.core.ApplicationFilterChain.internalDoFilter(ApplicationFilterChain.java:164) ~[tomcat-embed-core-10.1.43.jar:10.1.43]
	at org.apache.catalina.core.ApplicationFilterChain.doFilter(ApplicationFilterChain.java:140) ~[tomcat-embed-core-10.1.43.jar:10.1.43]
	at org.springframework.web.filter.RequestContextFilter.doFilterInternal(RequestContextFilter.java:100) ~[spring-web-6.2.9.jar:6.2.9]
	at org.springframework.web.filter.OncePerRequestFilter.doFilter(OncePerRequestFilter.java:116) ~[spring-web-6.2.9.jar:6.2.9]
	at org.apache.catalina.core.ApplicationFilterChain.internalDoFilter(ApplicationFilterChain.java:164) ~[tomcat-embed-core-10.1.43.jar:10.1.43]
	at org.apache.catalina.core.ApplicationFilterChain.doFilter(ApplicationFilterChain.java:140) ~[tomcat-embed-core-10.1.43.jar:10.1.43]
	at org.springframework.web.filter.FormContentFilter.doFilterInternal(FormContentFilter.java:93) ~[spring-web-6.2.9.jar:6.2.9]
	at org.springframework.web.filter.OncePerRequestFilter.doFilter(OncePerRequestFilter.java:116) ~[spring-web-6.2.9.jar:6.2.9]
	at org.apache.catalina.core.ApplicationFilterChain.internalDoFilter(ApplicationFilterChain.java:164) ~[tomcat-embed-core-10.1.43.jar:10.1.43]
	at org.apache.catalina.core.ApplicationFilterChain.doFilter(ApplicationFilterChain.java:140) ~[tomcat-embed-core-10.1.43.jar:10.1.43]
	at org.springframework.web.filter.CharacterEncodingFilter.doFilterInternal(CharacterEncodingFilter.java:201) ~[spring-web-6.2.9.jar:6.2.9]
	at org.springframework.web.filter.OncePerRequestFilter.doFilter(OncePerRequestFilter.java:116) ~[spring-web-6.2.9.jar:6.2.9]
	at org.apache.catalina.core.ApplicationFilterChain.internalDoFilter(ApplicationFilterChain.java:164) ~[tomcat-embed-core-10.1.43.jar:10.1.43]
	at org.apache.catalina.core.ApplicationFilterChain.doFilter(ApplicationFilterChain.java:140) ~[tomcat-embed-core-10.1.43.jar:10.1.43]
	at org.apache.catalina.core.StandardWrapperValve.invoke(StandardWrapperValve.java:167) ~[tomcat-embed-core-10.1.43.jar:10.1.43]
	at org.apache.catalina.core.StandardContextValve.invoke(StandardContextValve.java:90) ~[tomcat-embed-core-10.1.43.jar:10.1.43]
	at org.apache.catalina.authenticator.AuthenticatorBase.invoke(AuthenticatorBase.java:483) ~[tomcat-embed-core-10.1.43.jar:10.1.43]
	at org.apache.catalina.core.StandardHostValve.invoke(StandardHostValve.java:116) ~[tomcat-embed-core-10.1.43.jar:10.1.43]
	at org.apache.catalina.valves.ErrorReportValve.invoke(ErrorReportValve.java:93) ~[tomcat-embed-core-10.1.43.jar:10.1.43]
	at org.apache.catalina.core.StandardEngineValve.invoke(StandardEngineValve.java:74) ~[tomcat-embed-core-10.1.43.jar:10.1.43]
	at org.apache.catalina.connector.CoyoteAdapter.service(CoyoteAdapter.java:344) ~[tomcat-embed-core-10.1.43.jar:10.1.43]
	at org.apache.coyote.http11.Http11Processor.service(Http11Processor.java:398) ~[tomcat-embed-core-10.1.43.jar:10.1.43]
	at org.apache.coyote.AbstractProcessorLight.process(AbstractProcessorLight.java:63) ~[tomcat-embed-core-10.1.43.jar:10.1.43]
	at org.apache.coyote.AbstractProtocol$ConnectionHandler.process(AbstractProtocol.java:903) ~[tomcat-embed-core-10.1.43.jar:10.1.43]
	at org.apache.tomcat.util.net.NioEndpoint$SocketProcessor.doRun(NioEndpoint.java:1769) ~[tomcat-embed-core-10.1.43.jar:10.1.43]
	at org.apache.tomcat.util.net.SocketProcessorBase.run(SocketProcessorBase.java:52) ~[tomcat-embed-core-10.1.43.jar:10.1.43]
	at org.apache.tomcat.util.threads.ThreadPoolExecutor.runWorker(ThreadPoolExecutor.java:1189) ~[tomcat-embed-core-10.1.43.jar:10.1.43]
	at org.apache.tomcat.util.threads.ThreadPoolExecutor$Worker.run(ThreadPoolExecutor.java:658) ~[tomcat-embed-core-10.1.43.jar:10.1.43]
	at org.apache.tomcat.util.threads.TaskThread$WrappingRunnable.run(TaskThread.java:63) ~[tomcat-embed-core-10.1.43.jar:10.1.43]
	at java.base/java.lang.Thread.run(Thread.java:1583) ~[na:na]

2025-08-15T18:05:18.400-06:00  WARN 131158 --- [pruebaTecnica] [http-nio-8080-exec-7] .m.m.a.ExceptionHandlerExceptionResolver : Resolved [org.springframework.web.bind.MethodArgumentNotValidException: Validation failed for argument [0] in public org.springframework.http.ResponseEntity<java.lang.Void> mx.nach.pruebaTecnica.controllers.CrudController.createClient(mx.nach.pruebaTecnica.dto.Request): [Field error in object 'request' on field 'email': rejected value [null]; codes [NotBlank.request.email,NotBlank.email,NotBlank.java.lang.String,NotBlank]; arguments [org.springframework.context.support.DefaultMessageSourceResolvable: codes [request.email,email]; arguments []; default message [email]]; default message [no debe estar vacío]] ]
2025-08-15T18:06:21.612-06:00  INFO 131158 --- [pruebaTecnica] [File Watcher] rtingClassPathChangeChangedEventListener : Restarting due to 1 class path change (0 additions, 0 deletions, 1 modification)
2025-08-15T18:06:21.615-06:00  INFO 131158 --- [pruebaTecnica] [Thread-5] o.s.b.w.e.tomcat.GracefulShutdown        : Commencing graceful shutdown. Waiting for active requests to complete
2025-08-15T18:06:21.618-06:00  INFO 131158 --- [pruebaTecnica] [tomcat-shutdown] o.s.b.w.e.tomcat.GracefulShutdown        : Graceful shutdown complete
2025-08-15T18:06:21.622-06:00  INFO 131158 --- [pruebaTecnica] [Thread-5] j.LocalContainerEntityManagerFactoryBean : Closing JPA EntityManagerFactory for persistence unit 'default'
2025-08-15T18:06:21.635-06:00  INFO 131158 --- [pruebaTecnica] [Thread-5] com.zaxxer.hikari.HikariDataSource       : HikariPool-1 - Shutdown initiated...
2025-08-15T18:06:21.640-06:00  INFO 131158 --- [pruebaTecnica] [Thread-5] com.zaxxer.hikari.HikariDataSource       : HikariPool-1 - Shutdown completed.
2025-08-15T18:06:21.743-06:00  INFO 131158 --- [pruebaTecnica] [restartedMain] m.n.p.PruebaTecnicaApplication           : Starting PruebaTecnicaApplication using Java 21.0.8 with PID 131158 (/home/luisgmm/Documentos/Proyectos/PruebaTecnicaGrupoNach/bin/main started by luisgmm in /home/luisgmm/Documentos/Proyectos/PruebaTecnicaGrupoNach)
2025-08-15T18:06:21.743-06:00 DEBUG 131158 --- [pruebaTecnica] [restartedMain] m.n.p.PruebaTecnicaApplication           : Running with Spring Boot v3.5.4, Spring v6.2.9
2025-08-15T18:06:21.744-06:00  INFO 131158 --- [pruebaTecnica] [restartedMain] m.n.p.PruebaTecnicaApplication           : The following 1 profile is active: "dev"
2025-08-15T18:06:21.989-06:00  INFO 131158 --- [pruebaTecnica] [restartedMain] .s.d.r.c.RepositoryConfigurationDelegate : Multiple Spring Data modules found, entering strict repository configuration mode
2025-08-15T18:06:21.989-06:00  INFO 131158 --- [pruebaTecnica] [restartedMain] .s.d.r.c.RepositoryConfigurationDelegate : Bootstrapping Spring Data JDBC repositories in DEFAULT mode.
2025-08-15T18:06:21.996-06:00  INFO 131158 --- [pruebaTecnica] [restartedMain] .RepositoryConfigurationExtensionSupport : Spring Data JDBC - Could not safely identify store assignment for repository candidate interface mx.nach.pruebaTecnica.repositories.CrudEstadosPrestamosRepository; If you want this repository to be a JDBC repository, consider annotating your entities with one of these annotations: org.springframework.data.relational.core.mapping.Table.
2025-08-15T18:06:21.997-06:00  INFO 131158 --- [pruebaTecnica] [restartedMain] .RepositoryConfigurationExtensionSupport : Spring Data JDBC - Could not safely identify store assignment for repository candidate interface mx.nach.pruebaTecnica.repositories.CrudPrestamosRepository; If you want this repository to be a JDBC repository, consider annotating your entities with one of these annotations: org.springframework.data.relational.core.mapping.Table.
2025-08-15T18:06:21.998-06:00  INFO 131158 --- [pruebaTecnica] [restartedMain] .RepositoryConfigurationExtensionSupport : Spring Data JDBC - Could not safely identify store assignment for repository candidate interface mx.nach.pruebaTecnica.repositories.CrudRepository; If you want this repository to be a JDBC repository, consider annotating your entities with one of these annotations: org.springframework.data.relational.core.mapping.Table.
2025-08-15T18:06:21.999-06:00  INFO 131158 --- [pruebaTecnica] [restartedMain] .s.d.r.c.RepositoryConfigurationDelegate : Finished Spring Data repository scanning in 8 ms. Found 0 JDBC repository interfaces.
2025-08-15T18:06:22.002-06:00  INFO 131158 --- [pruebaTecnica] [restartedMain] .s.d.r.c.RepositoryConfigurationDelegate : Multiple Spring Data modules found, entering strict repository configuration mode
2025-08-15T18:06:22.002-06:00  INFO 131158 --- [pruebaTecnica] [restartedMain] .s.d.r.c.RepositoryConfigurationDelegate : Bootstrapping Spring Data JPA repositories in DEFAULT mode.
2025-08-15T18:06:22.010-06:00  INFO 131158 --- [pruebaTecnica] [restartedMain] .s.d.r.c.RepositoryConfigurationDelegate : Finished Spring Data repository scanning in 7 ms. Found 3 JPA repository interfaces.
2025-08-15T18:06:22.123-06:00  INFO 131158 --- [pruebaTecnica] [restartedMain] o.s.b.w.embedded.tomcat.TomcatWebServer  : Tomcat initialized with port 8080 (http)
2025-08-15T18:06:22.124-06:00  INFO 131158 --- [pruebaTecnica] [restartedMain] o.apache.catalina.core.StandardService   : Starting service [Tomcat]
2025-08-15T18:06:22.124-06:00  INFO 131158 --- [pruebaTecnica] [restartedMain] o.apache.catalina.core.StandardEngine    : Starting Servlet engine: [Apache Tomcat/10.1.43]
2025-08-15T18:06:22.133-06:00  INFO 131158 --- [pruebaTecnica] [restartedMain] o.a.c.c.C.[Tomcat].[localhost].[/]       : Initializing Spring embedded WebApplicationContext
2025-08-15T18:06:22.133-06:00  INFO 131158 --- [pruebaTecnica] [restartedMain] w.s.c.ServletWebServerApplicationContext : Root WebApplicationContext: initialization completed in 387 ms
2025-08-15T18:06:22.175-06:00  INFO 131158 --- [pruebaTecnica] [restartedMain] o.hibernate.jpa.internal.util.LogHelper  : HHH000204: Processing PersistenceUnitInfo [name: default]
2025-08-15T18:06:22.177-06:00  INFO 131158 --- [pruebaTecnica] [restartedMain] o.h.c.internal.RegionFactoryInitiator    : HHH000026: Second-level cache disabled
2025-08-15T18:06:22.188-06:00  INFO 131158 --- [pruebaTecnica] [restartedMain] o.s.o.j.p.SpringPersistenceUnitInfo      : No LoadTimeWeaver setup: ignoring JPA class transformer
2025-08-15T18:06:22.189-06:00  INFO 131158 --- [pruebaTecnica] [restartedMain] com.zaxxer.hikari.HikariDataSource       : HikariPool-2 - Starting...
2025-08-15T18:06:22.317-06:00  INFO 131158 --- [pruebaTecnica] [restartedMain] com.zaxxer.hikari.pool.HikariPool        : HikariPool-2 - Added connection org.postgresql.jdbc.PgConnection@faaba5a
2025-08-15T18:06:22.318-06:00  INFO 131158 --- [pruebaTecnica] [restartedMain] com.zaxxer.hikari.HikariDataSource       : HikariPool-2 - Start completed.
2025-08-15T18:06:22.321-06:00  WARN 131158 --- [pruebaTecnica] [restartedMain] org.hibernate.orm.deprecation            : HHH90000025: PostgreSQLDialect does not need to be specified explicitly using 'hibernate.dialect' (remove the property setting and it will be selected by default)
2025-08-15T18:06:22.324-06:00  INFO 131158 --- [pruebaTecnica] [restartedMain] org.hibernate.orm.connections.pooling    : HHH10001005: Database info:
	Database JDBC URL [Connecting through datasource 'HikariDataSource (HikariPool-2)']
	Database driver: undefined/unknown
	Database version: 17.5
	Autocommit mode: undefined/unknown
	Isolation level: undefined/unknown
	Minimum pool size: undefined/unknown
	Maximum pool size: undefined/unknown
2025-08-15T18:06:22.428-06:00  INFO 131158 --- [pruebaTecnica] [restartedMain] o.h.e.t.j.p.i.JtaPlatformInitiator       : HHH000489: No JTA platform available (set 'hibernate.transaction.jta.platform' to enable JTA platform integration)
2025-08-15T18:06:22.634-06:00  INFO 131158 --- [pruebaTecnica] [restartedMain] j.LocalContainerEntityManagerFactoryBean : Initialized JPA EntityManagerFactory for persistence unit 'default'
2025-08-15T18:06:22.761-06:00  WARN 131158 --- [pruebaTecnica] [restartedMain] JpaBaseConfiguration$JpaWebConfiguration : spring.jpa.open-in-view is enabled by default. Therefore, database queries may be performed during view rendering. Explicitly configure spring.jpa.open-in-view to disable this warning
2025-08-15T18:06:22.896-06:00  INFO 131158 --- [pruebaTecnica] [restartedMain] o.s.b.d.a.OptionalLiveReloadServer       : LiveReload server is running on port 35729
2025-08-15T18:06:22.904-06:00  INFO 131158 --- [pruebaTecnica] [restartedMain] o.s.b.w.embedded.tomcat.TomcatWebServer  : Tomcat started on port 8080 (http) with context path '/'
2025-08-15T18:06:22.908-06:00  INFO 131158 --- [pruebaTecnica] [restartedMain] m.n.p.PruebaTecnicaApplication           : Started PruebaTecnicaApplication in 1.198 seconds (process running for 179.238)
2025-08-15T18:06:22.911-06:00  INFO 131158 --- [pruebaTecnica] [restartedMain] .ConditionEvaluationDeltaLoggingListener : Condition evaluation unchanged
2025-08-15T18:06:39.326-06:00  INFO 131158 --- [pruebaTecnica] [File Watcher] rtingClassPathChangeChangedEventListener : Restarting due to 1 class path change (0 additions, 0 deletions, 1 modification)
2025-08-15T18:06:39.327-06:00  INFO 131158 --- [pruebaTecnica] [Thread-7] o.s.b.w.e.tomcat.GracefulShutdown        : Commencing graceful shutdown. Waiting for active requests to complete
2025-08-15T18:06:39.328-06:00  INFO 131158 --- [pruebaTecnica] [tomcat-shutdown] o.s.b.w.e.tomcat.GracefulShutdown        : Graceful shutdown complete
2025-08-15T18:06:39.330-06:00  INFO 131158 --- [pruebaTecnica] [Thread-7] j.LocalContainerEntityManagerFactoryBean : Closing JPA EntityManagerFactory for persistence unit 'default'
2025-08-15T18:06:39.331-06:00  INFO 131158 --- [pruebaTecnica] [Thread-7] com.zaxxer.hikari.HikariDataSource       : HikariPool-2 - Shutdown initiated...
2025-08-15T18:06:39.334-06:00  INFO 131158 --- [pruebaTecnica] [Thread-7] com.zaxxer.hikari.HikariDataSource       : HikariPool-2 - Shutdown completed.
2025-08-15T18:06:39.413-06:00  INFO 131158 --- [pruebaTecnica] [restartedMain] m.n.p.PruebaTecnicaApplication           : Starting PruebaTecnicaApplication using Java 21.0.8 with PID 131158 (/home/luisgmm/Documentos/Proyectos/PruebaTecnicaGrupoNach/bin/main started by luisgmm in /home/luisgmm/Documentos/Proyectos/PruebaTecnicaGrupoNach)
2025-08-15T18:06:39.413-06:00 DEBUG 131158 --- [pruebaTecnica] [restartedMain] m.n.p.PruebaTecnicaApplication           : Running with Spring Boot v3.5.4, Spring v6.2.9
2025-08-15T18:06:39.413-06:00  INFO 131158 --- [pruebaTecnica] [restartedMain] m.n.p.PruebaTecnicaApplication           : The following 1 profile is active: "dev"
2025-08-15T18:06:39.604-06:00  INFO 131158 --- [pruebaTecnica] [restartedMain] .s.d.r.c.RepositoryConfigurationDelegate : Multiple Spring Data modules found, entering strict repository configuration mode
2025-08-15T18:06:39.604-06:00  INFO 131158 --- [pruebaTecnica] [restartedMain] .s.d.r.c.RepositoryConfigurationDelegate : Bootstrapping Spring Data JDBC repositories in DEFAULT mode.
2025-08-15T18:06:39.609-06:00  INFO 131158 --- [pruebaTecnica] [restartedMain] .RepositoryConfigurationExtensionSupport : Spring Data JDBC - Could not safely identify store assignment for repository candidate interface mx.nach.pruebaTecnica.repositories.CrudEstadosPrestamosRepository; If you want this repository to be a JDBC repository, consider annotating your entities with one of these annotations: org.springframework.data.relational.core.mapping.Table.
2025-08-15T18:06:39.611-06:00  INFO 131158 --- [pruebaTecnica] [restartedMain] .RepositoryConfigurationExtensionSupport : Spring Data JDBC - Could not safely identify store assignment for repository candidate interface mx.nach.pruebaTecnica.repositories.CrudPrestamosRepository; If you want this repository to be a JDBC repository, consider annotating your entities with one of these annotations: org.springframework.data.relational.core.mapping.Table.
2025-08-15T18:06:39.612-06:00  INFO 131158 --- [pruebaTecnica] [restartedMain] .RepositoryConfigurationExtensionSupport : Spring Data JDBC - Could not safely identify store assignment for repository candidate interface mx.nach.pruebaTecnica.repositories.CrudRepository; If you want this repository to be a JDBC repository, consider annotating your entities with one of these annotations: org.springframework.data.relational.core.mapping.Table.
2025-08-15T18:06:39.613-06:00  INFO 131158 --- [pruebaTecnica] [restartedMain] .s.d.r.c.RepositoryConfigurationDelegate : Finished Spring Data repository scanning in 7 ms. Found 0 JDBC repository interfaces.
2025-08-15T18:06:39.616-06:00  INFO 131158 --- [pruebaTecnica] [restartedMain] .s.d.r.c.RepositoryConfigurationDelegate : Multiple Spring Data modules found, entering strict repository configuration mode
2025-08-15T18:06:39.619-06:00  INFO 131158 --- [pruebaTecnica] [restartedMain] .s.d.r.c.RepositoryConfigurationDelegate : Bootstrapping Spring Data JPA repositories in DEFAULT mode.
2025-08-15T18:06:39.629-06:00  INFO 131158 --- [pruebaTecnica] [restartedMain] .s.d.r.c.RepositoryConfigurationDelegate : Finished Spring Data repository scanning in 8 ms. Found 3 JPA repository interfaces.
2025-08-15T18:06:39.743-06:00  INFO 131158 --- [pruebaTecnica] [restartedMain] o.s.b.w.embedded.tomcat.TomcatWebServer  : Tomcat initialized with port 8080 (http)
2025-08-15T18:06:39.744-06:00  INFO 131158 --- [pruebaTecnica] [restartedMain] o.apache.catalina.core.StandardService   : Starting service [Tomcat]
2025-08-15T18:06:39.745-06:00  INFO 131158 --- [pruebaTecnica] [restartedMain] o.apache.catalina.core.StandardEngine    : Starting Servlet engine: [Apache Tomcat/10.1.43]
2025-08-15T18:06:39.752-06:00  INFO 131158 --- [pruebaTecnica] [restartedMain] o.a.c.c.C.[Tomcat].[localhost].[/]       : Initializing Spring embedded WebApplicationContext
2025-08-15T18:06:39.753-06:00  INFO 131158 --- [pruebaTecnica] [restartedMain] w.s.c.ServletWebServerApplicationContext : Root WebApplicationContext: initialization completed in 339 ms
2025-08-15T18:06:39.784-06:00  INFO 131158 --- [pruebaTecnica] [restartedMain] o.hibernate.jpa.internal.util.LogHelper  : HHH000204: Processing PersistenceUnitInfo [name: default]
2025-08-15T18:06:39.786-06:00  INFO 131158 --- [pruebaTecnica] [restartedMain] o.h.c.internal.RegionFactoryInitiator    : HHH000026: Second-level cache disabled
2025-08-15T18:06:39.795-06:00  INFO 131158 --- [pruebaTecnica] [restartedMain] o.s.o.j.p.SpringPersistenceUnitInfo      : No LoadTimeWeaver setup: ignoring JPA class transformer
2025-08-15T18:06:39.796-06:00  INFO 131158 --- [pruebaTecnica] [restartedMain] com.zaxxer.hikari.HikariDataSource       : HikariPool-3 - Starting...
2025-08-15T18:06:39.815-06:00  INFO 131158 --- [pruebaTecnica] [restartedMain] com.zaxxer.hikari.pool.HikariPool        : HikariPool-3 - Added connection org.postgresql.jdbc.PgConnection@348284a7
2025-08-15T18:06:39.816-06:00  INFO 131158 --- [pruebaTecnica] [restartedMain] com.zaxxer.hikari.HikariDataSource       : HikariPool-3 - Start completed.
2025-08-15T18:06:39.820-06:00  WARN 131158 --- [pruebaTecnica] [restartedMain] org.hibernate.orm.deprecation            : HHH90000025: PostgreSQLDialect does not need to be specified explicitly using 'hibernate.dialect' (remove the property setting and it will be selected by default)
2025-08-15T18:06:39.823-06:00  INFO 131158 --- [pruebaTecnica] [restartedMain] org.hibernate.orm.connections.pooling    : HHH10001005: Database info:
	Database JDBC URL [Connecting through datasource 'HikariDataSource (HikariPool-3)']
	Database driver: undefined/unknown
	Database version: 17.5
	Autocommit mode: undefined/unknown
	Isolation level: undefined/unknown
	Minimum pool size: undefined/unknown
	Maximum pool size: undefined/unknown
2025-08-15T18:06:39.901-06:00  INFO 131158 --- [pruebaTecnica] [restartedMain] o.h.e.t.j.p.i.JtaPlatformInitiator       : HHH000489: No JTA platform available (set 'hibernate.transaction.jta.platform' to enable JTA platform integration)
2025-08-15T18:06:40.091-06:00  INFO 131158 --- [pruebaTecnica] [restartedMain] j.LocalContainerEntityManagerFactoryBean : Initialized JPA EntityManagerFactory for persistence unit 'default'
2025-08-15T18:06:40.175-06:00  WARN 131158 --- [pruebaTecnica] [restartedMain] JpaBaseConfiguration$JpaWebConfiguration : spring.jpa.open-in-view is enabled by default. Therefore, database queries may be performed during view rendering. Explicitly configure spring.jpa.open-in-view to disable this warning
2025-08-15T18:06:40.277-06:00  INFO 131158 --- [pruebaTecnica] [restartedMain] o.s.b.d.a.OptionalLiveReloadServer       : LiveReload server is running on port 35729
2025-08-15T18:06:40.283-06:00  INFO 131158 --- [pruebaTecnica] [restartedMain] o.s.b.w.embedded.tomcat.TomcatWebServer  : Tomcat started on port 8080 (http) with context path '/'
2025-08-15T18:06:40.286-06:00  INFO 131158 --- [pruebaTecnica] [restartedMain] m.n.p.PruebaTecnicaApplication           : Started PruebaTecnicaApplication in 0.903 seconds (process running for 196.616)
2025-08-15T18:06:40.287-06:00  INFO 131158 --- [pruebaTecnica] [restartedMain] .ConditionEvaluationDeltaLoggingListener : Condition evaluation unchanged
2025-08-15T18:06:43.297-06:00  INFO 131158 --- [pruebaTecnica] [http-nio-8080-exec-1] o.a.c.c.C.[Tomcat].[localhost].[/]       : Initializing Spring DispatcherServlet 'dispatcherServlet'
2025-08-15T18:06:43.297-06:00  INFO 131158 --- [pruebaTecnica] [http-nio-8080-exec-1] o.s.web.servlet.DispatcherServlet        : Initializing Servlet 'dispatcherServlet'
2025-08-15T18:06:43.299-06:00  INFO 131158 --- [pruebaTecnica] [http-nio-8080-exec-1] o.s.web.servlet.DispatcherServlet        : Completed initialization in 2 ms
2025-08-15T18:06:43.638-06:00  INFO 131158 --- [pruebaTecnica] [http-nio-8080-exec-9] o.springdoc.api.AbstractOpenApiResource  : Init duration for springdoc-openapi is: 63 ms
